<?xml version="1.0" encoding="UTF-8"?>
<coverage generated="1648344430953" clover="3.2.0">
  <project timestamp="1648344430953" name="All files">
    <metrics statements="51" coveredstatements="42" conditionals="16" coveredconditionals="13" methods="13" coveredmethods="8" elements="80" coveredelements="63" complexity="0" loc="51" ncloc="51" packages="3" files="4" classes="4"/>
    <package name="assets">
      <metrics statements="1" coveredstatements="1" conditionals="0" coveredconditionals="0" methods="0" coveredmethods="0"/>
      <file name="cropped-logo_new-1.png" path="C:\Users\aashi\OneDrive\Documents\Junior\Spring\CS341\cs341-spring-2022-diagnosis\diagnosis\assets\cropped-logo_new-1.png">
        <metrics statements="1" coveredstatements="1" conditionals="0" coveredconditionals="0" methods="0" coveredmethods="0"/>
        <line num="1" count="1" type="stmt"/>
      </file>
    </package>
    <package name="components">
      <metrics statements="24" coveredstatements="24" conditionals="4" coveredconditionals="4" methods="3" coveredmethods="3"/>
      <file name="KeyboardAvoidWrap.js" path="C:\Users\aashi\OneDrive\Documents\Junior\Spring\CS341\cs341-spring-2022-diagnosis\diagnosis\components\KeyboardAvoidWrap.js">
        <metrics statements="2" coveredstatements="2" conditionals="0" coveredconditionals="0" methods="1" coveredmethods="1"/>
        <line num="6" count="1" type="stmt"/>
        <line num="7" count="16" type="stmt"/>
      </file>
      <file name="SignUpLoginStyles.js" path="C:\Users\aashi\OneDrive\Documents\Junior\Spring\CS341\cs341-spring-2022-diagnosis\diagnosis\components\SignUpLoginStyles.js">
        <metrics statements="22" coveredstatements="22" conditionals="4" coveredconditionals="4" methods="2" coveredmethods="2"/>
        <line num="5" count="1" type="stmt"/>
        <line num="7" count="1" type="stmt"/>
        <line num="17" count="1" type="stmt"/>
        <line num="19" count="1" type="stmt"/>
        <line num="28" count="1" type="stmt"/>
        <line num="34" count="1" type="stmt"/>
        <line num="39" count="1" type="stmt"/>
        <line num="46" count="1" type="stmt"/>
        <line num="50" count="1" type="stmt"/>
        <line num="63" count="1" type="stmt"/>
        <line num="67" count="1" type="stmt"/>
        <line num="73" count="1" type="stmt"/>
        <line num="80" count="1" type="stmt"/>
        <line num="89" count="42" type="cond" truecount="2" falsecount="0"/>
        <line num="95" count="1" type="stmt"/>
        <line num="99" count="42" type="cond" truecount="2" falsecount="0"/>
        <line num="104" count="1" type="stmt"/>
        <line num="110" count="1" type="stmt"/>
        <line num="117" count="1" type="stmt"/>
        <line num="124" count="1" type="stmt"/>
        <line num="131" count="1" type="stmt"/>
        <line num="136" count="1" type="stmt"/>
      </file>
    </package>
    <package name="screens">
      <metrics statements="26" coveredstatements="17" conditionals="12" coveredconditionals="9" methods="10" coveredmethods="5"/>
      <file name="Login.js" path="C:\Users\aashi\OneDrive\Documents\Junior\Spring\CS341\cs341-spring-2022-diagnosis\diagnosis\screens\Login.js">
        <metrics statements="26" coveredstatements="17" conditionals="12" coveredconditionals="9" methods="10" coveredmethods="5"/>
        <line num="32" count="1" type="stmt"/>
        <line num="37" count="1" type="stmt"/>
        <line num="38" count="19" type="stmt"/>
        <line num="39" count="19" type="stmt"/>
        <line num="40" count="19" type="stmt"/>
        <line num="42" count="19" type="stmt"/>
        <line num="43" count="7" type="stmt"/>
        <line num="44" count="7" type="stmt"/>
        <line num="46" count="19" type="stmt"/>
        <line num="59" count="5" type="stmt"/>
        <line num="60" count="5" type="cond" truecount="4" falsecount="0"/>
        <line num="61" count="2" type="stmt"/>
        <line num="62" count="2" type="stmt"/>
        <line num="64" count="3" type="stmt"/>
        <line num="68" count="0" type="cond" truecount="0" falsecount="2"/>
        <line num="69" count="0" type="stmt"/>
        <line num="70" count="0" type="stmt"/>
        <line num="72" count="0" type="stmt"/>
        <line num="75" count="0" type="stmt"/>
        <line num="76" count="0" type="stmt"/>
        <line num="81" count="44" type="stmt"/>
        <line num="120" count="0" type="stmt"/>
        <line num="126" count="0" type="stmt"/>
        <line num="139" count="1" type="stmt"/>
        <line num="147" count="66" type="stmt"/>
        <line num="155" count="0" type="stmt"/>
      </file>
    </package>
  </project>
</coverage>
