{"/Users/devam/Desktop/GitHub/cs341-spring-2022-diagnosis/diagnosis/App.js": {"path":"/Users/devam/Desktop/GitHub/cs341-spring-2022-diagnosis/diagnosis/App.js","statementMap":{"0":{"start":{"line":6,"column":0},"end":{"line":11,"column":3}},"1":{"start":{"line":17,"column":2},"end":{"line":19,"column":4}}},"fnMap":{"0":{"name":"App","decl":{"start":{"line":16,"column":24},"end":{"line":16,"column":27}},"loc":{"start":{"line":16,"column":30},"end":{"line":20,"column":1}},"line":16}},"branchMap":{},"s":{"0":1,"1":0},"f":{"0":0},"b":{},"_coverageSchema":"1a1c01bbd47fc00a2c39e90264f33305004495a9","hash":"53da28ecba14e12d37a60affe661640f5b267fe8"}
,"/Users/devam/Desktop/GitHub/cs341-spring-2022-diagnosis/diagnosis/assets/Andre-314x314.png": {"path":"/Users/devam/Desktop/GitHub/cs341-spring-2022-diagnosis/diagnosis/assets/Andre-314x314.png","statementMap":{"0":{"start":{"line":1,"column":0},"end":{"line":1,"column":19}}},"fnMap":{},"branchMap":{},"s":{"0":1},"f":{},"b":{},"inputSourceMap":null,"_coverageSchema":"1a1c01bbd47fc00a2c39e90264f33305004495a9","hash":"f81a09db90b3ea06fc1f4d6e3b8b8807e0a92942"}
,"/Users/devam/Desktop/GitHub/cs341-spring-2022-diagnosis/diagnosis/assets/Sullivan.jpeg": {"path":"/Users/devam/Desktop/GitHub/cs341-spring-2022-diagnosis/diagnosis/assets/Sullivan.jpeg","statementMap":{"0":{"start":{"line":1,"column":0},"end":{"line":1,"column":19}}},"fnMap":{},"branchMap":{},"s":{"0":1},"f":{},"b":{},"inputSourceMap":null,"_coverageSchema":"1a1c01bbd47fc00a2c39e90264f33305004495a9","hash":"0da09c430e7ce0dfe8e3531e40b4c85029c2e3a4"}
,"/Users/devam/Desktop/GitHub/cs341-spring-2022-diagnosis/diagnosis/assets/cropped-logo_new-1.png": {"path":"/Users/devam/Desktop/GitHub/cs341-spring-2022-diagnosis/diagnosis/assets/cropped-logo_new-1.png","statementMap":{"0":{"start":{"line":1,"column":0},"end":{"line":1,"column":19}}},"fnMap":{},"branchMap":{},"s":{"0":1},"f":{},"b":{},"inputSourceMap":null,"_coverageSchema":"1a1c01bbd47fc00a2c39e90264f33305004495a9","hash":"f6e27f402512fbba361997c0e4dd24d10c0b071f"}
,"/Users/devam/Desktop/GitHub/cs341-spring-2022-diagnosis/diagnosis/assets/ishita-sharma.jpeg": {"path":"/Users/devam/Desktop/GitHub/cs341-spring-2022-diagnosis/diagnosis/assets/ishita-sharma.jpeg","statementMap":{"0":{"start":{"line":1,"column":0},"end":{"line":1,"column":19}}},"fnMap":{},"branchMap":{},"s":{"0":1},"f":{},"b":{},"inputSourceMap":null,"_coverageSchema":"1a1c01bbd47fc00a2c39e90264f33305004495a9","hash":"0cc7b51fa0c4d4787ee8f7e6e5ed0c3091727c08"}
,"/Users/devam/Desktop/GitHub/cs341-spring-2022-diagnosis/diagnosis/assets/jgn.jpg": {"path":"/Users/devam/Desktop/GitHub/cs341-spring-2022-diagnosis/diagnosis/assets/jgn.jpg","statementMap":{"0":{"start":{"line":1,"column":0},"end":{"line":1,"column":19}}},"fnMap":{},"branchMap":{},"s":{"0":1},"f":{},"b":{},"inputSourceMap":null,"_coverageSchema":"1a1c01bbd47fc00a2c39e90264f33305004495a9","hash":"f7e6d188c666d867b23289a8a1bb3e8725fcd713"}
,"/Users/devam/Desktop/GitHub/cs341-spring-2022-diagnosis/diagnosis/assets/stethoscope.jpeg": {"path":"/Users/devam/Desktop/GitHub/cs341-spring-2022-diagnosis/diagnosis/assets/stethoscope.jpeg","statementMap":{"0":{"start":{"line":1,"column":0},"end":{"line":1,"column":19}}},"fnMap":{},"branchMap":{},"s":{"0":1},"f":{},"b":{},"inputSourceMap":null,"_coverageSchema":"1a1c01bbd47fc00a2c39e90264f33305004495a9","hash":"6bc0580452afc1e081c6ebafd51ca1889a1a0eaf"}
,"/Users/devam/Desktop/GitHub/cs341-spring-2022-diagnosis/diagnosis/components/CarouselCardItem.js": {"path":"/Users/devam/Desktop/GitHub/cs341-spring-2022-diagnosis/diagnosis/components/CarouselCardItem.js","statementMap":{"0":{"start":{"line":4,"column":28},"end":{"line":4,"column":63}},"1":{"start":{"line":5,"column":26},"end":{"line":5,"column":56}},"2":{"start":{"line":7,"column":25},"end":{"line":16,"column":1}},"3":{"start":{"line":8,"column":4},"end":{"line":15,"column":5}},"4":{"start":{"line":18,"column":15},"end":{"line":36,"column":2}}},"fnMap":{"0":{"name":"(anonymous_0)","decl":{"start":{"line":7,"column":25},"end":{"line":7,"column":26}},"loc":{"start":{"line":7,"column":46},"end":{"line":16,"column":1}},"line":7}},"branchMap":{},"s":{"0":3,"1":3,"2":3,"3":0,"4":3},"f":{"0":0},"b":{},"_coverageSchema":"1a1c01bbd47fc00a2c39e90264f33305004495a9","hash":"e71f73b617cb2a4d741722745901d554006fce6f"}
,"/Users/devam/Desktop/GitHub/cs341-spring-2022-diagnosis/diagnosis/components/CarouselCards.js": {"path":"/Users/devam/Desktop/GitHub/cs341-spring-2022-diagnosis/diagnosis/components/CarouselCards.js","statementMap":{"0":{"start":{"line":6,"column":15},"end":{"line":13,"column":1}},"1":{"start":{"line":15,"column":22},"end":{"line":49,"column":1}},"2":{"start":{"line":16,"column":30},"end":{"line":16,"column":47}},"3":{"start":{"line":17,"column":23},"end":{"line":17,"column":41}},"4":{"start":{"line":19,"column":4},"end":{"line":48,"column":5}},"5":{"start":{"line":29,"column":41},"end":{"line":29,"column":56}}},"fnMap":{"0":{"name":"(anonymous_0)","decl":{"start":{"line":15,"column":22},"end":{"line":15,"column":23}},"loc":{"start":{"line":15,"column":28},"end":{"line":49,"column":1}},"line":15},"1":{"name":"(anonymous_1)","decl":{"start":{"line":29,"column":30},"end":{"line":29,"column":31}},"loc":{"start":{"line":29,"column":41},"end":{"line":29,"column":56}},"line":29}},"branchMap":{},"s":{"0":3,"1":3,"2":0,"3":0,"4":0,"5":0},"f":{"0":0,"1":0},"b":{},"_coverageSchema":"1a1c01bbd47fc00a2c39e90264f33305004495a9","hash":"a5b3a14ef3207ad50c139c867e860b4eafabf6d3"}
,"/Users/devam/Desktop/GitHub/cs341-spring-2022-diagnosis/diagnosis/components/CustomDrawer.js": {"path":"/Users/devam/Desktop/GitHub/cs341-spring-2022-diagnosis/diagnosis/components/CustomDrawer.js","statementMap":{"0":{"start":{"line":5,"column":21},"end":{"line":23,"column":1}},"1":{"start":{"line":6,"column":4},"end":{"line":22,"column":5}}},"fnMap":{"0":{"name":"(anonymous_0)","decl":{"start":{"line":5,"column":21},"end":{"line":5,"column":22}},"loc":{"start":{"line":5,"column":32},"end":{"line":23,"column":1}},"line":5}},"branchMap":{},"s":{"0":2,"1":0},"f":{"0":0},"b":{},"_coverageSchema":"1a1c01bbd47fc00a2c39e90264f33305004495a9","hash":"23385618de33b2e9a0096901405abc4612752e1c"}
,"/Users/devam/Desktop/GitHub/cs341-spring-2022-diagnosis/diagnosis/components/KeyboardAvoidWrap.js": {"path":"/Users/devam/Desktop/GitHub/cs341-spring-2022-diagnosis/diagnosis/components/KeyboardAvoidWrap.js","statementMap":{"0":{"start":{"line":6,"column":26},"end":{"line":16,"column":1}},"1":{"start":{"line":7,"column":4},"end":{"line":15,"column":6}}},"fnMap":{"0":{"name":"(anonymous_0)","decl":{"start":{"line":6,"column":26},"end":{"line":6,"column":27}},"loc":{"start":{"line":6,"column":42},"end":{"line":16,"column":1}},"line":6}},"branchMap":{},"s":{"0":4,"1":8},"f":{"0":8},"b":{},"_coverageSchema":"1a1c01bbd47fc00a2c39e90264f33305004495a9","hash":"c570dae86dc0bee8884ddb4163bc1f457ed1c534"}
,"/Users/devam/Desktop/GitHub/cs341-spring-2022-diagnosis/diagnosis/components/SignUpLoginStyles.js": {"path":"/Users/devam/Desktop/GitHub/cs341-spring-2022-diagnosis/diagnosis/components/SignUpLoginStyles.js","statementMap":{"0":{"start":{"line":5,"column":24},"end":{"line":5,"column":49}},"1":{"start":{"line":7,"column":22},"end":{"line":15,"column":1}},"2":{"start":{"line":17,"column":92},"end":{"line":17,"column":98}},"3":{"start":{"line":19,"column":31},"end":{"line":26,"column":1}},"4":{"start":{"line":28,"column":30},"end":{"line":32,"column":1}},"5":{"start":{"line":34,"column":24},"end":{"line":37,"column":1}},"6":{"start":{"line":39,"column":25},"end":{"line":44,"column":1}},"7":{"start":{"line":46,"column":26},"end":{"line":48,"column":1}},"8":{"start":{"line":50,"column":30},"end":{"line":61,"column":1}},"9":{"start":{"line":63,"column":31},"end":{"line":65,"column":1}},"10":{"start":{"line":67,"column":25},"end":{"line":72,"column":1}},"11":{"start":{"line":73,"column":23},"end":{"line":78,"column":1}},"12":{"start":{"line":80,"column":28},"end":{"line":94,"column":1}},"13":{"start":{"line":89,"column":17},"end":{"line":93,"column":5}},"14":{"start":{"line":95,"column":26},"end":{"line":102,"column":1}},"15":{"start":{"line":99,"column":17},"end":{"line":101,"column":5}},"16":{"start":{"line":104,"column":26},"end":{"line":108,"column":1}},"17":{"start":{"line":110,"column":20},"end":{"line":115,"column":1}},"18":{"start":{"line":117,"column":25},"end":{"line":122,"column":1}},"19":{"start":{"line":124,"column":25},"end":{"line":129,"column":1}},"20":{"start":{"line":131,"column":24},"end":{"line":134,"column":1}},"21":{"start":{"line":136,"column":31},"end":{"line":139,"column":1}}},"fnMap":{"0":{"name":"(anonymous_0)","decl":{"start":{"line":89,"column":6},"end":{"line":89,"column":7}},"loc":{"start":{"line":89,"column":17},"end":{"line":93,"column":5}},"line":89},"1":{"name":"(anonymous_1)","decl":{"start":{"line":99,"column":6},"end":{"line":99,"column":7}},"loc":{"start":{"line":99,"column":17},"end":{"line":101,"column":5}},"line":99}},"branchMap":{"0":{"loc":{"start":{"line":89,"column":17},"end":{"line":93,"column":5}},"type":"binary-expr","locations":[{"start":{"line":89,"column":17},"end":{"line":89,"column":40}},{"start":{"line":89,"column":44},"end":{"line":93,"column":5}}],"line":89},"1":{"loc":{"start":{"line":99,"column":17},"end":{"line":101,"column":5}},"type":"binary-expr","locations":[{"start":{"line":99,"column":17},"end":{"line":99,"column":40}},{"start":{"line":99,"column":44},"end":{"line":101,"column":5}}],"line":99}},"s":{"0":5,"1":5,"2":5,"3":5,"4":5,"5":5,"6":5,"7":5,"8":5,"9":5,"10":5,"11":5,"12":5,"13":38,"14":5,"15":24,"16":5,"17":5,"18":5,"19":5,"20":5,"21":5},"f":{"0":38,"1":24},"b":{"0":[38,14],"1":[24,14]},"_coverageSchema":"1a1c01bbd47fc00a2c39e90264f33305004495a9","hash":"45f95eb5c9512521b6f8055bda65f5f2ba203da7"}
,"/Users/devam/Desktop/GitHub/cs341-spring-2022-diagnosis/diagnosis/navigators/DrawerNavigator.js": {"path":"/Users/devam/Desktop/GitHub/cs341-spring-2022-diagnosis/diagnosis/navigators/DrawerNavigator.js","statementMap":{"0":{"start":{"line":29,"column":15},"end":{"line":29,"column":38}},"1":{"start":{"line":31,"column":24},"end":{"line":230,"column":1}},"2":{"start":{"line":32,"column":2},"end":{"line":229,"column":4}},"3":{"start":{"line":34,"column":48},"end":{"line":34,"column":75}},"4":{"start":{"line":44,"column":36},"end":{"line":44,"column":60}},"5":{"start":{"line":51,"column":14},"end":{"line":53,"column":33}},"6":{"start":{"line":60,"column":14},"end":{"line":60,"column":70}},"7":{"start":{"line":66,"column":36},"end":{"line":66,"column":60}},"8":{"start":{"line":75,"column":14},"end":{"line":77,"column":33}},"9":{"start":{"line":85,"column":14},"end":{"line":85,"column":70}},"10":{"start":{"line":91,"column":36},"end":{"line":91,"column":60}},"11":{"start":{"line":98,"column":14},"end":{"line":100,"column":33}},"12":{"start":{"line":107,"column":14},"end":{"line":107,"column":70}},"13":{"start":{"line":113,"column":36},"end":{"line":113,"column":60}},"14":{"start":{"line":120,"column":14},"end":{"line":122,"column":33}},"15":{"start":{"line":129,"column":14},"end":{"line":129,"column":72}},"16":{"start":{"line":135,"column":36},"end":{"line":135,"column":60}},"17":{"start":{"line":142,"column":14},"end":{"line":144,"column":33}},"18":{"start":{"line":151,"column":14},"end":{"line":151,"column":63}},"19":{"start":{"line":157,"column":36},"end":{"line":157,"column":60}},"20":{"start":{"line":164,"column":14},"end":{"line":166,"column":33}},"21":{"start":{"line":173,"column":14},"end":{"line":173,"column":68}},"22":{"start":{"line":179,"column":34},"end":{"line":179,"column":58}},"23":{"start":{"line":186,"column":12},"end":{"line":188,"column":31}},"24":{"start":{"line":195,"column":12},"end":{"line":195,"column":68}},"25":{"start":{"line":201,"column":36},"end":{"line":201,"column":60}},"26":{"start":{"line":208,"column":14},"end":{"line":210,"column":33}},"27":{"start":{"line":217,"column":14},"end":{"line":217,"column":67}},"28":{"start":{"line":233,"column":2},"end":{"line":238,"column":4}},"29":{"start":{"line":241,"column":15},"end":{"line":250,"column":2}}},"fnMap":{"0":{"name":"(anonymous_0)","decl":{"start":{"line":31,"column":24},"end":{"line":31,"column":25}},"loc":{"start":{"line":31,"column":30},"end":{"line":230,"column":1}},"line":31},"1":{"name":"(anonymous_1)","decl":{"start":{"line":34,"column":39},"end":{"line":34,"column":40}},"loc":{"start":{"line":34,"column":48},"end":{"line":34,"column":75}},"line":34},"2":{"name":"(anonymous_2)","decl":{"start":{"line":44,"column":25},"end":{"line":44,"column":26}},"loc":{"start":{"line":44,"column":36},"end":{"line":44,"column":60}},"line":44},"3":{"name":"(anonymous_3)","decl":{"start":{"line":50,"column":25},"end":{"line":50,"column":26}},"loc":{"start":{"line":51,"column":14},"end":{"line":53,"column":33}},"line":51},"4":{"name":"(anonymous_4)","decl":{"start":{"line":59,"column":24},"end":{"line":59,"column":25}},"loc":{"start":{"line":60,"column":14},"end":{"line":60,"column":70}},"line":60},"5":{"name":"(anonymous_5)","decl":{"start":{"line":66,"column":25},"end":{"line":66,"column":26}},"loc":{"start":{"line":66,"column":36},"end":{"line":66,"column":60}},"line":66},"6":{"name":"(anonymous_6)","decl":{"start":{"line":74,"column":25},"end":{"line":74,"column":26}},"loc":{"start":{"line":75,"column":14},"end":{"line":77,"column":33}},"line":75},"7":{"name":"(anonymous_7)","decl":{"start":{"line":84,"column":24},"end":{"line":84,"column":25}},"loc":{"start":{"line":85,"column":14},"end":{"line":85,"column":70}},"line":85},"8":{"name":"(anonymous_8)","decl":{"start":{"line":91,"column":25},"end":{"line":91,"column":26}},"loc":{"start":{"line":91,"column":36},"end":{"line":91,"column":60}},"line":91},"9":{"name":"(anonymous_9)","decl":{"start":{"line":97,"column":25},"end":{"line":97,"column":26}},"loc":{"start":{"line":98,"column":14},"end":{"line":100,"column":33}},"line":98},"10":{"name":"(anonymous_10)","decl":{"start":{"line":106,"column":24},"end":{"line":106,"column":25}},"loc":{"start":{"line":107,"column":14},"end":{"line":107,"column":70}},"line":107},"11":{"name":"(anonymous_11)","decl":{"start":{"line":113,"column":25},"end":{"line":113,"column":26}},"loc":{"start":{"line":113,"column":36},"end":{"line":113,"column":60}},"line":113},"12":{"name":"(anonymous_12)","decl":{"start":{"line":119,"column":25},"end":{"line":119,"column":26}},"loc":{"start":{"line":120,"column":14},"end":{"line":122,"column":33}},"line":120},"13":{"name":"(anonymous_13)","decl":{"start":{"line":128,"column":24},"end":{"line":128,"column":25}},"loc":{"start":{"line":129,"column":14},"end":{"line":129,"column":72}},"line":129},"14":{"name":"(anonymous_14)","decl":{"start":{"line":135,"column":25},"end":{"line":135,"column":26}},"loc":{"start":{"line":135,"column":36},"end":{"line":135,"column":60}},"line":135},"15":{"name":"(anonymous_15)","decl":{"start":{"line":141,"column":25},"end":{"line":141,"column":26}},"loc":{"start":{"line":142,"column":14},"end":{"line":144,"column":33}},"line":142},"16":{"name":"(anonymous_16)","decl":{"start":{"line":150,"column":24},"end":{"line":150,"column":25}},"loc":{"start":{"line":151,"column":14},"end":{"line":151,"column":63}},"line":151},"17":{"name":"(anonymous_17)","decl":{"start":{"line":157,"column":25},"end":{"line":157,"column":26}},"loc":{"start":{"line":157,"column":36},"end":{"line":157,"column":60}},"line":157},"18":{"name":"(anonymous_18)","decl":{"start":{"line":163,"column":25},"end":{"line":163,"column":26}},"loc":{"start":{"line":164,"column":14},"end":{"line":166,"column":33}},"line":164},"19":{"name":"(anonymous_19)","decl":{"start":{"line":172,"column":24},"end":{"line":172,"column":25}},"loc":{"start":{"line":173,"column":14},"end":{"line":173,"column":68}},"line":173},"20":{"name":"(anonymous_20)","decl":{"start":{"line":179,"column":23},"end":{"line":179,"column":24}},"loc":{"start":{"line":179,"column":34},"end":{"line":179,"column":58}},"line":179},"21":{"name":"(anonymous_21)","decl":{"start":{"line":185,"column":23},"end":{"line":185,"column":24}},"loc":{"start":{"line":186,"column":12},"end":{"line":188,"column":31}},"line":186},"22":{"name":"(anonymous_22)","decl":{"start":{"line":194,"column":22},"end":{"line":194,"column":23}},"loc":{"start":{"line":195,"column":12},"end":{"line":195,"column":68}},"line":195},"23":{"name":"(anonymous_23)","decl":{"start":{"line":201,"column":25},"end":{"line":201,"column":26}},"loc":{"start":{"line":201,"column":36},"end":{"line":201,"column":60}},"line":201},"24":{"name":"(anonymous_24)","decl":{"start":{"line":207,"column":25},"end":{"line":207,"column":26}},"loc":{"start":{"line":208,"column":14},"end":{"line":210,"column":33}},"line":208},"25":{"name":"(anonymous_25)","decl":{"start":{"line":216,"column":24},"end":{"line":216,"column":25}},"loc":{"start":{"line":217,"column":14},"end":{"line":217,"column":67}},"line":217},"26":{"name":"LogoTitle","decl":{"start":{"line":232,"column":9},"end":{"line":232,"column":18}},"loc":{"start":{"line":232,"column":21},"end":{"line":239,"column":1}},"line":232}},"branchMap":{},"s":{"0":2,"1":2,"2":0,"3":0,"4":0,"5":0,"6":0,"7":0,"8":0,"9":0,"10":0,"11":0,"12":0,"13":0,"14":0,"15":0,"16":0,"17":0,"18":0,"19":0,"20":0,"21":0,"22":0,"23":0,"24":0,"25":0,"26":0,"27":0,"28":0,"29":2},"f":{"0":0,"1":0,"2":0,"3":0,"4":0,"5":0,"6":0,"7":0,"8":0,"9":0,"10":0,"11":0,"12":0,"13":0,"14":0,"15":0,"16":0,"17":0,"18":0,"19":0,"20":0,"21":0,"22":0,"23":0,"24":0,"25":0,"26":0},"b":{},"_coverageSchema":"1a1c01bbd47fc00a2c39e90264f33305004495a9","hash":"1d975540d6fe898fcb0ddc722bfebc7da35929e2"}
,"/Users/devam/Desktop/GitHub/cs341-spring-2022-diagnosis/diagnosis/navigators/StackNavigator.js": {"path":"/Users/devam/Desktop/GitHub/cs341-spring-2022-diagnosis/diagnosis/navigators/StackNavigator.js","statementMap":{"0":{"start":{"line":36,"column":14},"end":{"line":36,"column":42}},"1":{"start":{"line":38,"column":23},"end":{"line":85,"column":1}},"2":{"start":{"line":39,"column":2},"end":{"line":84,"column":4}}},"fnMap":{"0":{"name":"(anonymous_0)","decl":{"start":{"line":38,"column":23},"end":{"line":38,"column":24}},"loc":{"start":{"line":38,"column":29},"end":{"line":85,"column":1}},"line":38}},"branchMap":{},"s":{"0":2,"1":2,"2":0},"f":{"0":0},"b":{},"_coverageSchema":"1a1c01bbd47fc00a2c39e90264f33305004495a9","hash":"cf84e58275c148adc924ab1feffaa621ff33cf01"}
,"/Users/devam/Desktop/GitHub/cs341-spring-2022-diagnosis/diagnosis/screens/AboutUs.js": {"path":"/Users/devam/Desktop/GitHub/cs341-spring-2022-diagnosis/diagnosis/screens/AboutUs.js","statementMap":{"0":{"start":{"line":8,"column":16},"end":{"line":41,"column":1}},"1":{"start":{"line":9,"column":4},"end":{"line":40,"column":6}},"2":{"start":{"line":43,"column":15},"end":{"line":73,"column":2}}},"fnMap":{"0":{"name":"(anonymous_0)","decl":{"start":{"line":8,"column":16},"end":{"line":8,"column":17}},"loc":{"start":{"line":8,"column":22},"end":{"line":41,"column":1}},"line":8}},"branchMap":{},"s":{"0":3,"1":1,"2":3},"f":{"0":1},"b":{},"_coverageSchema":"1a1c01bbd47fc00a2c39e90264f33305004495a9","hash":"c2ac9d02a501b76c58e75162d3b7ea27a670ada9"}
,"/Users/devam/Desktop/GitHub/cs341-spring-2022-diagnosis/diagnosis/screens/Activities.js": {"path":"/Users/devam/Desktop/GitHub/cs341-spring-2022-diagnosis/diagnosis/screens/Activities.js","statementMap":{"0":{"start":{"line":4,"column":19},"end":{"line":8,"column":1}},"1":{"start":{"line":5,"column":4},"end":{"line":7,"column":11}},"2":{"start":{"line":10,"column":15},"end":{"line":19,"column":2}}},"fnMap":{"0":{"name":"(anonymous_0)","decl":{"start":{"line":4,"column":19},"end":{"line":4,"column":20}},"loc":{"start":{"line":5,"column":4},"end":{"line":7,"column":11}},"line":5}},"branchMap":{},"s":{"0":2,"1":0,"2":2},"f":{"0":0},"b":{},"_coverageSchema":"1a1c01bbd47fc00a2c39e90264f33305004495a9","hash":"43da7c40214a8a08cba7cfeb7dec2d6099621eda"}
,"/Users/devam/Desktop/GitHub/cs341-spring-2022-diagnosis/diagnosis/screens/Books.js": {"path":"/Users/devam/Desktop/GitHub/cs341-spring-2022-diagnosis/diagnosis/screens/Books.js","statementMap":{"0":{"start":{"line":16,"column":14},"end":{"line":96,"column":1}},"1":{"start":{"line":17,"column":2},"end":{"line":95,"column":4}},"2":{"start":{"line":26,"column":12},"end":{"line":26,"column":110}},"3":{"start":{"line":37,"column":12},"end":{"line":37,"column":105}},"4":{"start":{"line":48,"column":12},"end":{"line":48,"column":115}},"5":{"start":{"line":60,"column":12},"end":{"line":60,"column":108}},"6":{"start":{"line":72,"column":12},"end":{"line":72,"column":110}},"7":{"start":{"line":84,"column":12},"end":{"line":84,"column":125}},"8":{"start":{"line":98,"column":15},"end":{"line":120,"column":2}}},"fnMap":{"0":{"name":"(anonymous_0)","decl":{"start":{"line":16,"column":14},"end":{"line":16,"column":15}},"loc":{"start":{"line":16,"column":20},"end":{"line":96,"column":1}},"line":16},"1":{"name":"(anonymous_1)","decl":{"start":{"line":25,"column":19},"end":{"line":25,"column":20}},"loc":{"start":{"line":26,"column":12},"end":{"line":26,"column":110}},"line":26},"2":{"name":"(anonymous_2)","decl":{"start":{"line":36,"column":19},"end":{"line":36,"column":20}},"loc":{"start":{"line":37,"column":12},"end":{"line":37,"column":105}},"line":37},"3":{"name":"(anonymous_3)","decl":{"start":{"line":47,"column":19},"end":{"line":47,"column":20}},"loc":{"start":{"line":48,"column":12},"end":{"line":48,"column":115}},"line":48},"4":{"name":"(anonymous_4)","decl":{"start":{"line":59,"column":19},"end":{"line":59,"column":20}},"loc":{"start":{"line":60,"column":12},"end":{"line":60,"column":108}},"line":60},"5":{"name":"(anonymous_5)","decl":{"start":{"line":71,"column":19},"end":{"line":71,"column":20}},"loc":{"start":{"line":72,"column":12},"end":{"line":72,"column":110}},"line":72},"6":{"name":"(anonymous_6)","decl":{"start":{"line":83,"column":19},"end":{"line":83,"column":20}},"loc":{"start":{"line":84,"column":12},"end":{"line":84,"column":125}},"line":84}},"branchMap":{},"s":{"0":3,"1":1,"2":0,"3":0,"4":0,"5":0,"6":0,"7":0,"8":3},"f":{"0":1,"1":0,"2":0,"3":0,"4":0,"5":0,"6":0},"b":{},"_coverageSchema":"1a1c01bbd47fc00a2c39e90264f33305004495a9","hash":"d43bdfce96519af86e0764a81a92eca15fa6765b"}
,"/Users/devam/Desktop/GitHub/cs341-spring-2022-diagnosis/diagnosis/screens/Community.js": {"path":"/Users/devam/Desktop/GitHub/cs341-spring-2022-diagnosis/diagnosis/screens/Community.js","statementMap":{"0":{"start":{"line":4,"column":18},"end":{"line":8,"column":1}},"1":{"start":{"line":5,"column":4},"end":{"line":7,"column":11}},"2":{"start":{"line":10,"column":15},"end":{"line":19,"column":2}}},"fnMap":{"0":{"name":"(anonymous_0)","decl":{"start":{"line":4,"column":18},"end":{"line":4,"column":19}},"loc":{"start":{"line":5,"column":4},"end":{"line":7,"column":11}},"line":5}},"branchMap":{},"s":{"0":2,"1":0,"2":2},"f":{"0":0},"b":{},"_coverageSchema":"1a1c01bbd47fc00a2c39e90264f33305004495a9","hash":"a2f0e819c79659888c9999f8be18c51b684faea2"}
,"/Users/devam/Desktop/GitHub/cs341-spring-2022-diagnosis/diagnosis/screens/Donate.js": {"path":"/Users/devam/Desktop/GitHub/cs341-spring-2022-diagnosis/diagnosis/screens/Donate.js","statementMap":{"0":{"start":{"line":4,"column":15},"end":{"line":8,"column":1}},"1":{"start":{"line":5,"column":4},"end":{"line":7,"column":11}},"2":{"start":{"line":10,"column":15},"end":{"line":19,"column":2}}},"fnMap":{"0":{"name":"(anonymous_0)","decl":{"start":{"line":4,"column":15},"end":{"line":4,"column":16}},"loc":{"start":{"line":5,"column":4},"end":{"line":7,"column":11}},"line":5}},"branchMap":{},"s":{"0":2,"1":0,"2":2},"f":{"0":0},"b":{},"_coverageSchema":"1a1c01bbd47fc00a2c39e90264f33305004495a9","hash":"437425ef52cf4d42a29ed41183a116293d92a9ff"}
,"/Users/devam/Desktop/GitHub/cs341-spring-2022-diagnosis/diagnosis/screens/KnowledgeTest.js": {"path":"/Users/devam/Desktop/GitHub/cs341-spring-2022-diagnosis/diagnosis/screens/KnowledgeTest.js","statementMap":{"0":{"start":{"line":6,"column":22},"end":{"line":11,"column":1}},"1":{"start":{"line":7,"column":4},"end":{"line":10,"column":6}},"2":{"start":{"line":13,"column":15},"end":{"line":22,"column":2}}},"fnMap":{"0":{"name":"(anonymous_0)","decl":{"start":{"line":6,"column":22},"end":{"line":6,"column":23}},"loc":{"start":{"line":7,"column":4},"end":{"line":10,"column":6}},"line":7}},"branchMap":{},"s":{"0":2,"1":0,"2":2},"f":{"0":0},"b":{},"_coverageSchema":"1a1c01bbd47fc00a2c39e90264f33305004495a9","hash":"d2e86d3e31257a131f71a8ac881658159a5e39ba"}
,"/Users/devam/Desktop/GitHub/cs341-spring-2022-diagnosis/diagnosis/screens/Lecture_DR.js": {"path":"/Users/devam/Desktop/GitHub/cs341-spring-2022-diagnosis/diagnosis/screens/Lecture_DR.js","statementMap":{"0":{"start":{"line":7,"column":19},"end":{"line":18,"column":1}},"1":{"start":{"line":9,"column":4},"end":{"line":15,"column":11}},"2":{"start":{"line":20,"column":15},"end":{"line":35,"column":2}}},"fnMap":{"0":{"name":"(anonymous_0)","decl":{"start":{"line":7,"column":19},"end":{"line":7,"column":20}},"loc":{"start":{"line":9,"column":4},"end":{"line":15,"column":11}},"line":9}},"branchMap":{},"s":{"0":2,"1":0,"2":2},"f":{"0":0},"b":{},"_coverageSchema":"1a1c01bbd47fc00a2c39e90264f33305004495a9","hash":"21148994723ea71cf239e225f2bda00112f2892f"}
,"/Users/devam/Desktop/GitHub/cs341-spring-2022-diagnosis/diagnosis/screens/Lecture_JVP.js": {"path":"/Users/devam/Desktop/GitHub/cs341-spring-2022-diagnosis/diagnosis/screens/Lecture_JVP.js","statementMap":{"0":{"start":{"line":7,"column":20},"end":{"line":14,"column":1}},"1":{"start":{"line":8,"column":8},"end":{"line":13,"column":15}},"2":{"start":{"line":16,"column":15},"end":{"line":30,"column":2}}},"fnMap":{"0":{"name":"(anonymous_0)","decl":{"start":{"line":7,"column":20},"end":{"line":7,"column":21}},"loc":{"start":{"line":8,"column":8},"end":{"line":13,"column":15}},"line":8}},"branchMap":{},"s":{"0":2,"1":0,"2":2},"f":{"0":0},"b":{},"_coverageSchema":"1a1c01bbd47fc00a2c39e90264f33305004495a9","hash":"3253f8713cc9b133246bda1d32adcf56cadee865"}
,"/Users/devam/Desktop/GitHub/cs341-spring-2022-diagnosis/diagnosis/screens/Lecture_VHD.js": {"path":"/Users/devam/Desktop/GitHub/cs341-spring-2022-diagnosis/diagnosis/screens/Lecture_VHD.js","statementMap":{"0":{"start":{"line":7,"column":20},"end":{"line":15,"column":1}},"1":{"start":{"line":8,"column":4},"end":{"line":14,"column":11}},"2":{"start":{"line":17,"column":15},"end":{"line":30,"column":2}}},"fnMap":{"0":{"name":"(anonymous_0)","decl":{"start":{"line":7,"column":20},"end":{"line":7,"column":21}},"loc":{"start":{"line":8,"column":4},"end":{"line":14,"column":11}},"line":8}},"branchMap":{},"s":{"0":2,"1":0,"2":2},"f":{"0":0},"b":{},"_coverageSchema":"1a1c01bbd47fc00a2c39e90264f33305004495a9","hash":"483bea4647a01bc6050ae8d9bc0a4c8dd4e3ae9f"}
,"/Users/devam/Desktop/GitHub/cs341-spring-2022-diagnosis/diagnosis/screens/Lectures.js": {"path":"/Users/devam/Desktop/GitHub/cs341-spring-2022-diagnosis/diagnosis/screens/Lectures.js","statementMap":{"0":{"start":{"line":4,"column":17},"end":{"line":27,"column":1}},"1":{"start":{"line":6,"column":8},"end":{"line":26,"column":15}},"2":{"start":{"line":10,"column":79},"end":{"line":10,"column":113}},"3":{"start":{"line":14,"column":79},"end":{"line":14,"column":113}},"4":{"start":{"line":18,"column":79},"end":{"line":18,"column":112}},"5":{"start":{"line":29,"column":15},"end":{"line":85,"column":2}}},"fnMap":{"0":{"name":"(anonymous_0)","decl":{"start":{"line":4,"column":17},"end":{"line":4,"column":18}},"loc":{"start":{"line":6,"column":8},"end":{"line":26,"column":15}},"line":6},"1":{"name":"(anonymous_1)","decl":{"start":{"line":10,"column":73},"end":{"line":10,"column":74}},"loc":{"start":{"line":10,"column":79},"end":{"line":10,"column":113}},"line":10},"2":{"name":"(anonymous_2)","decl":{"start":{"line":14,"column":73},"end":{"line":14,"column":74}},"loc":{"start":{"line":14,"column":79},"end":{"line":14,"column":113}},"line":14},"3":{"name":"(anonymous_3)","decl":{"start":{"line":18,"column":73},"end":{"line":18,"column":74}},"loc":{"start":{"line":18,"column":79},"end":{"line":18,"column":112}},"line":18}},"branchMap":{},"s":{"0":2,"1":0,"2":0,"3":0,"4":0,"5":2},"f":{"0":0,"1":0,"2":0,"3":0},"b":{},"_coverageSchema":"1a1c01bbd47fc00a2c39e90264f33305004495a9","hash":"abe257f2a2e65361b4cc2468b28d9fc3f0cd6f9d"}
,"/Users/devam/Desktop/GitHub/cs341-spring-2022-diagnosis/diagnosis/screens/Login.js": {"path":"/Users/devam/Desktop/GitHub/cs341-spring-2022-diagnosis/diagnosis/screens/Login.js","statementMap":{"0":{"start":{"line":32,"column":54},"end":{"line":32,"column":60}},"1":{"start":{"line":37,"column":14},"end":{"line":150,"column":1}},"2":{"start":{"line":38,"column":42},"end":{"line":38,"column":56}},"3":{"start":{"line":39,"column":32},"end":{"line":39,"column":44}},"4":{"start":{"line":40,"column":40},"end":{"line":40,"column":52}},"5":{"start":{"line":42,"column":24},"end":{"line":45,"column":3}},"6":{"start":{"line":43,"column":4},"end":{"line":43,"column":24}},"7":{"start":{"line":44,"column":4},"end":{"line":44,"column":25}},"8":{"start":{"line":46,"column":2},"end":{"line":149,"column":6}},"9":{"start":{"line":59,"column":14},"end":{"line":91,"column":15}},"10":{"start":{"line":60,"column":16},"end":{"line":60,"column":71}},"11":{"start":{"line":61,"column":16},"end":{"line":61,"column":37}},"12":{"start":{"line":63,"column":16},"end":{"line":90,"column":21}},"13":{"start":{"line":78,"column":20},"end":{"line":83,"column":21}},"14":{"start":{"line":79,"column":22},"end":{"line":79,"column":43}},"15":{"start":{"line":80,"column":22},"end":{"line":80,"column":55}},"16":{"start":{"line":82,"column":22},"end":{"line":82,"column":51}},"17":{"start":{"line":86,"column":20},"end":{"line":86,"column":41}},"18":{"start":{"line":87,"column":20},"end":{"line":89,"column":22}},"19":{"start":{"line":94,"column":14},"end":{"line":144,"column":37}},"20":{"start":{"line":133,"column":57},"end":{"line":133,"column":86}},"21":{"start":{"line":139,"column":57},"end":{"line":139,"column":89}},"22":{"start":{"line":152,"column":18},"end":{"line":178,"column":1}},"23":{"start":{"line":160,"column":2},"end":{"line":177,"column":4}},"24":{"start":{"line":168,"column":32},"end":{"line":168,"column":62}}},"fnMap":{"0":{"name":"(anonymous_0)","decl":{"start":{"line":37,"column":14},"end":{"line":37,"column":15}},"loc":{"start":{"line":37,"column":34},"end":{"line":150,"column":1}},"line":37},"1":{"name":"(anonymous_1)","decl":{"start":{"line":42,"column":24},"end":{"line":42,"column":25}},"loc":{"start":{"line":42,"column":43},"end":{"line":45,"column":3}},"line":42},"2":{"name":"(anonymous_2)","decl":{"start":{"line":58,"column":22},"end":{"line":58,"column":23}},"loc":{"start":{"line":58,"column":53},"end":{"line":92,"column":13}},"line":58},"3":{"name":"(anonymous_3)","decl":{"start":{"line":77,"column":24},"end":{"line":77,"column":25}},"loc":{"start":{"line":77,"column":38},"end":{"line":84,"column":19}},"line":77},"4":{"name":"(anonymous_4)","decl":{"start":{"line":85,"column":25},"end":{"line":85,"column":26}},"loc":{"start":{"line":85,"column":31},"end":{"line":90,"column":19}},"line":85},"5":{"name":"(anonymous_5)","decl":{"start":{"line":93,"column":12},"end":{"line":93,"column":13}},"loc":{"start":{"line":94,"column":14},"end":{"line":144,"column":37}},"line":94},"6":{"name":"(anonymous_6)","decl":{"start":{"line":133,"column":51},"end":{"line":133,"column":52}},"loc":{"start":{"line":133,"column":57},"end":{"line":133,"column":86}},"line":133},"7":{"name":"(anonymous_7)","decl":{"start":{"line":139,"column":51},"end":{"line":139,"column":52}},"loc":{"start":{"line":139,"column":57},"end":{"line":139,"column":89}},"line":139},"8":{"name":"(anonymous_8)","decl":{"start":{"line":152,"column":18},"end":{"line":152,"column":19}},"loc":{"start":{"line":159,"column":6},"end":{"line":178,"column":1}},"line":159},"9":{"name":"(anonymous_9)","decl":{"start":{"line":168,"column":26},"end":{"line":168,"column":27}},"loc":{"start":{"line":168,"column":32},"end":{"line":168,"column":62}},"line":168}},"branchMap":{"0":{"loc":{"start":{"line":59,"column":14},"end":{"line":91,"column":15}},"type":"if","locations":[{"start":{"line":59,"column":14},"end":{"line":91,"column":15}},{"start":{"line":62,"column":21},"end":{"line":91,"column":15}}],"line":59},"1":{"loc":{"start":{"line":59,"column":18},"end":{"line":59,"column":64}},"type":"binary-expr","locations":[{"start":{"line":59,"column":18},"end":{"line":59,"column":39}},{"start":{"line":59,"column":43},"end":{"line":59,"column":64}}],"line":59},"2":{"loc":{"start":{"line":78,"column":20},"end":{"line":83,"column":21}},"type":"if","locations":[{"start":{"line":78,"column":20},"end":{"line":83,"column":21}},{"start":{"line":81,"column":27},"end":{"line":83,"column":21}}],"line":78},"3":{"loc":{"start":{"line":120,"column":17},"end":{"line":124,"column":17}},"type":"binary-expr","locations":[{"start":{"line":120,"column":17},"end":{"line":120,"column":30}},{"start":{"line":121,"column":18},"end":{"line":123,"column":33}}],"line":120},"4":{"loc":{"start":{"line":167,"column":7},"end":{"line":175,"column":7}},"type":"binary-expr","locations":[{"start":{"line":167,"column":7},"end":{"line":167,"column":17}},{"start":{"line":168,"column":8},"end":{"line":174,"column":18}}],"line":167},"5":{"loc":{"start":{"line":170,"column":18},"end":{"line":170,"column":56}},"type":"cond-expr","locations":[{"start":{"line":170,"column":33},"end":{"line":170,"column":45}},{"start":{"line":170,"column":48},"end":{"line":170,"column":56}}],"line":170}},"s":{"0":3,"1":3,"2":5,"3":5,"4":5,"5":5,"6":2,"7":2,"8":5,"9":3,"10":2,"11":2,"12":1,"13":0,"14":0,"15":0,"16":0,"17":0,"18":0,"19":19,"20":0,"21":0,"22":3,"23":28,"24":0},"f":{"0":5,"1":2,"2":3,"3":0,"4":0,"5":19,"6":0,"7":0,"8":28,"9":0},"b":{"0":[2,1],"1":[3,1],"2":[0,0],"3":[19,5],"4":[28,14],"5":[14,0]},"_coverageSchema":"1a1c01bbd47fc00a2c39e90264f33305004495a9","hash":"2e36a0c8cbd00079187ba91a0dcc4d5200813124"}
,"/Users/devam/Desktop/GitHub/cs341-spring-2022-diagnosis/diagnosis/screens/MainMenu.js": {"path":"/Users/devam/Desktop/GitHub/cs341-spring-2022-diagnosis/diagnosis/screens/MainMenu.js","statementMap":{"0":{"start":{"line":8,"column":24},"end":{"line":8,"column":49}},"1":{"start":{"line":10,"column":17},"end":{"line":45,"column":1}},"2":{"start":{"line":11,"column":8},"end":{"line":44,"column":15}},"3":{"start":{"line":22,"column":100},"end":{"line":22,"column":136}},"4":{"start":{"line":26,"column":100},"end":{"line":26,"column":131}},"5":{"start":{"line":30,"column":102},"end":{"line":30,"column":131}},"6":{"start":{"line":34,"column":101},"end":{"line":34,"column":132}},"7":{"start":{"line":38,"column":101},"end":{"line":38,"column":131}},"8":{"start":{"line":48,"column":15},"end":{"line":190,"column":2}}},"fnMap":{"0":{"name":"(anonymous_0)","decl":{"start":{"line":10,"column":17},"end":{"line":10,"column":18}},"loc":{"start":{"line":11,"column":8},"end":{"line":44,"column":15}},"line":11},"1":{"name":"(anonymous_1)","decl":{"start":{"line":22,"column":94},"end":{"line":22,"column":95}},"loc":{"start":{"line":22,"column":100},"end":{"line":22,"column":136}},"line":22},"2":{"name":"(anonymous_2)","decl":{"start":{"line":26,"column":94},"end":{"line":26,"column":95}},"loc":{"start":{"line":26,"column":100},"end":{"line":26,"column":131}},"line":26},"3":{"name":"(anonymous_3)","decl":{"start":{"line":30,"column":96},"end":{"line":30,"column":97}},"loc":{"start":{"line":30,"column":102},"end":{"line":30,"column":131}},"line":30},"4":{"name":"(anonymous_4)","decl":{"start":{"line":34,"column":95},"end":{"line":34,"column":96}},"loc":{"start":{"line":34,"column":101},"end":{"line":34,"column":132}},"line":34},"5":{"name":"(anonymous_5)","decl":{"start":{"line":38,"column":95},"end":{"line":38,"column":96}},"loc":{"start":{"line":38,"column":101},"end":{"line":38,"column":131}},"line":38}},"branchMap":{},"s":{"0":3,"1":3,"2":6,"3":1,"4":1,"5":1,"6":1,"7":1,"8":3},"f":{"0":6,"1":1,"2":1,"3":1,"4":1,"5":1},"b":{},"_coverageSchema":"1a1c01bbd47fc00a2c39e90264f33305004495a9","hash":"287e3ab176d2c268610b67b4ab6b9f921107cac2"}
,"/Users/devam/Desktop/GitHub/cs341-spring-2022-diagnosis/diagnosis/screens/Multimedia.js": {"path":"/Users/devam/Desktop/GitHub/cs341-spring-2022-diagnosis/diagnosis/screens/Multimedia.js","statementMap":{"0":{"start":{"line":14,"column":52},"end":{"line":14,"column":58}},"1":{"start":{"line":16,"column":19},"end":{"line":79,"column":1}},"2":{"start":{"line":17,"column":34},"end":{"line":17,"column":52}},"3":{"start":{"line":18,"column":38},"end":{"line":18,"column":53}},"4":{"start":{"line":19,"column":25},"end":{"line":19,"column":76}},"5":{"start":{"line":19,"column":31},"end":{"line":19,"column":76}},"6":{"start":{"line":19,"column":61},"end":{"line":19,"column":75}},"7":{"start":{"line":20,"column":46},"end":{"line":20,"column":57}},"8":{"start":{"line":22,"column":23},"end":{"line":22,"column":24}},"9":{"start":{"line":23,"column":20},"end":{"line":23,"column":33}},"10":{"start":{"line":24,"column":22},"end":{"line":24,"column":35}},"11":{"start":{"line":25,"column":17},"end":{"line":25,"column":30}},"12":{"start":{"line":26,"column":15},"end":{"line":26,"column":48}},"13":{"start":{"line":27,"column":17},"end":{"line":27,"column":30}},"14":{"start":{"line":28,"column":15},"end":{"line":28,"column":24}},"15":{"start":{"line":29,"column":17},"end":{"line":29,"column":30}},"16":{"start":{"line":30,"column":15},"end":{"line":30,"column":24}},"17":{"start":{"line":31,"column":17},"end":{"line":31,"column":30}},"18":{"start":{"line":32,"column":15},"end":{"line":32,"column":24}},"19":{"start":{"line":33,"column":17},"end":{"line":33,"column":30}},"20":{"start":{"line":34,"column":15},"end":{"line":34,"column":24}},"21":{"start":{"line":36,"column":4},"end":{"line":78,"column":6}},"22":{"start":{"line":73,"column":40},"end":{"line":73,"column":63}}},"fnMap":{"0":{"name":"(anonymous_0)","decl":{"start":{"line":16,"column":19},"end":{"line":16,"column":20}},"loc":{"start":{"line":16,"column":25},"end":{"line":79,"column":1}},"line":16},"1":{"name":"(anonymous_1)","decl":{"start":{"line":19,"column":25},"end":{"line":19,"column":26}},"loc":{"start":{"line":19,"column":31},"end":{"line":19,"column":76}},"line":19},"2":{"name":"(anonymous_2)","decl":{"start":{"line":19,"column":44},"end":{"line":19,"column":45}},"loc":{"start":{"line":19,"column":61},"end":{"line":19,"column":75}},"line":19},"3":{"name":"(anonymous_3)","decl":{"start":{"line":73,"column":29},"end":{"line":73,"column":30}},"loc":{"start":{"line":73,"column":40},"end":{"line":73,"column":63}},"line":73}},"branchMap":{"0":{"loc":{"start":{"line":47,"column":27},"end":{"line":47,"column":90}},"type":"cond-expr","locations":[{"start":{"line":47,"column":39},"end":{"line":47,"column":58}},{"start":{"line":47,"column":61},"end":{"line":47,"column":90}}],"line":47},"1":{"loc":{"start":{"line":50,"column":36},"end":{"line":50,"column":69}},"type":"cond-expr","locations":[{"start":{"line":50,"column":48},"end":{"line":50,"column":57}},{"start":{"line":50,"column":60},"end":{"line":50,"column":69}}],"line":50}},"s":{"0":2,"1":2,"2":0,"3":0,"4":0,"5":0,"6":0,"7":0,"8":0,"9":0,"10":0,"11":0,"12":0,"13":0,"14":0,"15":0,"16":0,"17":0,"18":0,"19":0,"20":0,"21":0,"22":0},"f":{"0":0,"1":0,"2":0,"3":0},"b":{"0":[0,0],"1":[0,0]},"_coverageSchema":"1a1c01bbd47fc00a2c39e90264f33305004495a9","hash":"f47e87e66fbbc2ff318cdbbf3d2acb128f9a0ade"}
,"/Users/devam/Desktop/GitHub/cs341-spring-2022-diagnosis/diagnosis/screens/Signup.js": {"path":"/Users/devam/Desktop/GitHub/cs341-spring-2022-diagnosis/diagnosis/screens/Signup.js","statementMap":{"0":{"start":{"line":29,"column":31},"end":{"line":29,"column":37}},"1":{"start":{"line":34,"column":30},"end":{"line":40,"column":2}},"2":{"start":{"line":42,"column":15},"end":{"line":140,"column":1}},"3":{"start":{"line":43,"column":44},"end":{"line":43,"column":58}},"4":{"start":{"line":45,"column":4},"end":{"line":139,"column":6}},"5":{"start":{"line":54,"column":41},"end":{"line":54,"column":97}},"6":{"start":{"line":54,"column":59},"end":{"line":54,"column":90}},"7":{"start":{"line":56,"column":24},"end":{"line":134,"column":37}},"8":{"start":{"line":130,"column":57},"end":{"line":130,"column":85}},"9":{"start":{"line":142,"column":18},"end":{"line":157,"column":1}},"10":{"start":{"line":143,"column":4},"end":{"line":156,"column":5}},"11":{"start":{"line":151,"column":40},"end":{"line":151,"column":70}}},"fnMap":{"0":{"name":"(anonymous_0)","decl":{"start":{"line":42,"column":15},"end":{"line":42,"column":16}},"loc":{"start":{"line":42,"column":33},"end":{"line":140,"column":1}},"line":42},"1":{"name":"(anonymous_1)","decl":{"start":{"line":54,"column":34},"end":{"line":54,"column":35}},"loc":{"start":{"line":54,"column":40},"end":{"line":54,"column":98}},"line":54},"2":{"name":"(anonymous_2)","decl":{"start":{"line":54,"column":52},"end":{"line":54,"column":53}},"loc":{"start":{"line":54,"column":58},"end":{"line":54,"column":91}},"line":54},"3":{"name":"(anonymous_3)","decl":{"start":{"line":55,"column":22},"end":{"line":55,"column":23}},"loc":{"start":{"line":56,"column":24},"end":{"line":134,"column":37}},"line":56},"4":{"name":"(anonymous_4)","decl":{"start":{"line":130,"column":51},"end":{"line":130,"column":52}},"loc":{"start":{"line":130,"column":57},"end":{"line":130,"column":85}},"line":130},"5":{"name":"(anonymous_5)","decl":{"start":{"line":142,"column":18},"end":{"line":142,"column":19}},"loc":{"start":{"line":142,"column":90},"end":{"line":157,"column":1}},"line":142},"6":{"name":"(anonymous_6)","decl":{"start":{"line":151,"column":34},"end":{"line":151,"column":35}},"loc":{"start":{"line":151,"column":40},"end":{"line":151,"column":70}},"line":151}},"branchMap":{"0":{"loc":{"start":{"line":77,"column":29},"end":{"line":77,"column":161}},"type":"cond-expr","locations":[{"start":{"line":77,"column":68},"end":{"line":77,"column":153}},{"start":{"line":77,"column":157},"end":{"line":77,"column":161}}],"line":77},"1":{"loc":{"start":{"line":77,"column":29},"end":{"line":77,"column":64}},"type":"binary-expr","locations":[{"start":{"line":77,"column":29},"end":{"line":77,"column":45}},{"start":{"line":77,"column":49},"end":{"line":77,"column":64}}],"line":77},"2":{"loc":{"start":{"line":89,"column":29},"end":{"line":89,"column":149}},"type":"cond-expr","locations":[{"start":{"line":89,"column":62},"end":{"line":89,"column":141}},{"start":{"line":89,"column":145},"end":{"line":89,"column":149}}],"line":89},"3":{"loc":{"start":{"line":89,"column":29},"end":{"line":89,"column":58}},"type":"binary-expr","locations":[{"start":{"line":89,"column":29},"end":{"line":89,"column":42}},{"start":{"line":89,"column":46},"end":{"line":89,"column":58}}],"line":89},"4":{"loc":{"start":{"line":104,"column":29},"end":{"line":104,"column":161}},"type":"cond-expr","locations":[{"start":{"line":104,"column":68},"end":{"line":104,"column":153}},{"start":{"line":104,"column":157},"end":{"line":104,"column":161}}],"line":104},"5":{"loc":{"start":{"line":104,"column":29},"end":{"line":104,"column":64}},"type":"binary-expr","locations":[{"start":{"line":104,"column":29},"end":{"line":104,"column":45}},{"start":{"line":104,"column":49},"end":{"line":104,"column":64}}],"line":104},"6":{"loc":{"start":{"line":119,"column":29},"end":{"line":119,"column":184}},"type":"cond-expr","locations":[{"start":{"line":119,"column":82},"end":{"line":119,"column":176}},{"start":{"line":119,"column":180},"end":{"line":119,"column":184}}],"line":119},"7":{"loc":{"start":{"line":119,"column":29},"end":{"line":119,"column":78}},"type":"binary-expr","locations":[{"start":{"line":119,"column":29},"end":{"line":119,"column":52}},{"start":{"line":119,"column":56},"end":{"line":119,"column":78}}],"line":119},"8":{"loc":{"start":{"line":120,"column":29},"end":{"line":122,"column":43}},"type":"binary-expr","locations":[{"start":{"line":120,"column":29},"end":{"line":120,"column":42}},{"start":{"line":120,"column":46},"end":{"line":122,"column":43}}],"line":120},"9":{"loc":{"start":{"line":124,"column":29},"end":{"line":126,"column":43}},"type":"binary-expr","locations":[{"start":{"line":124,"column":29},"end":{"line":124,"column":41}},{"start":{"line":124,"column":45},"end":{"line":126,"column":43}}],"line":124},"10":{"loc":{"start":{"line":150,"column":13},"end":{"line":154,"column":13}},"type":"binary-expr","locations":[{"start":{"line":150,"column":13},"end":{"line":150,"column":23}},{"start":{"line":151,"column":16},"end":{"line":153,"column":26}}],"line":150},"11":{"loc":{"start":{"line":152,"column":36},"end":{"line":152,"column":74}},"type":"cond-expr","locations":[{"start":{"line":152,"column":51},"end":{"line":152,"column":63}},{"start":{"line":152,"column":66},"end":{"line":152,"column":74}}],"line":152}},"s":{"0":3,"1":3,"2":3,"3":3,"4":3,"5":0,"6":0,"7":19,"8":0,"9":3,"10":95,"11":0},"f":{"0":3,"1":0,"2":0,"3":19,"4":0,"5":95,"6":0},"b":{"0":[10,9],"1":[19,16],"2":[10,9],"3":[19,16],"4":[10,9],"5":[19,16],"6":[12,7],"7":[19,16],"8":[19,5],"9":[19,14],"10":[95,38],"11":[38,0]},"_coverageSchema":"1a1c01bbd47fc00a2c39e90264f33305004495a9","hash":"728639911c9bd56414e462655f9eaf9fe47a37bc"}
,"/Users/devam/Desktop/GitHub/cs341-spring-2022-diagnosis/diagnosis/screens/TeamInfo.js": {"path":"/Users/devam/Desktop/GitHub/cs341-spring-2022-diagnosis/diagnosis/screens/TeamInfo.js","statementMap":{"0":{"start":{"line":6,"column":17},"end":{"line":70,"column":1}},"1":{"start":{"line":7,"column":8},"end":{"line":69,"column":21}},"2":{"start":{"line":19,"column":43},"end":{"line":19,"column":101}},"3":{"start":{"line":25,"column":43},"end":{"line":25,"column":106}},"4":{"start":{"line":31,"column":43},"end":{"line":31,"column":118}},"5":{"start":{"line":37,"column":43},"end":{"line":37,"column":94}},"6":{"start":{"line":52,"column":34},"end":{"line":52,"column":88}},"7":{"start":{"line":72,"column":15},"end":{"line":89,"column":2}}},"fnMap":{"0":{"name":"(anonymous_0)","decl":{"start":{"line":6,"column":17},"end":{"line":6,"column":18}},"loc":{"start":{"line":7,"column":8},"end":{"line":69,"column":21}},"line":7},"1":{"name":"(anonymous_1)","decl":{"start":{"line":19,"column":37},"end":{"line":19,"column":38}},"loc":{"start":{"line":19,"column":43},"end":{"line":19,"column":101}},"line":19},"2":{"name":"(anonymous_2)","decl":{"start":{"line":25,"column":37},"end":{"line":25,"column":38}},"loc":{"start":{"line":25,"column":43},"end":{"line":25,"column":106}},"line":25},"3":{"name":"(anonymous_3)","decl":{"start":{"line":31,"column":37},"end":{"line":31,"column":38}},"loc":{"start":{"line":31,"column":43},"end":{"line":31,"column":118}},"line":31},"4":{"name":"(anonymous_4)","decl":{"start":{"line":37,"column":37},"end":{"line":37,"column":38}},"loc":{"start":{"line":37,"column":43},"end":{"line":37,"column":94}},"line":37},"5":{"name":"(anonymous_5)","decl":{"start":{"line":52,"column":29},"end":{"line":52,"column":30}},"loc":{"start":{"line":52,"column":33},"end":{"line":52,"column":89}},"line":52}},"branchMap":{},"s":{"0":3,"1":2,"2":0,"3":0,"4":0,"5":1,"6":0,"7":3},"f":{"0":2,"1":0,"2":0,"3":0,"4":1,"5":0},"b":{},"_coverageSchema":"1a1c01bbd47fc00a2c39e90264f33305004495a9","hash":"2ef279e0cea3fa105edf54f9ddbccc3d27f3b31e"}
,"/Users/devam/Desktop/GitHub/cs341-spring-2022-diagnosis/diagnosis/screens/Topics.js": {"path":"/Users/devam/Desktop/GitHub/cs341-spring-2022-diagnosis/diagnosis/screens/Topics.js","statementMap":{"0":{"start":{"line":8,"column":39},"end":{"line":8,"column":54}},"1":{"start":{"line":9,"column":30},"end":{"line":11,"column":5}},"2":{"start":{"line":10,"column":8},"end":{"line":10,"column":34}},"3":{"start":{"line":13,"column":35},"end":{"line":13,"column":50}},"4":{"start":{"line":14,"column":28},"end":{"line":16,"column":5}},"5":{"start":{"line":15,"column":8},"end":{"line":15,"column":30}},"6":{"start":{"line":18,"column":39},"end":{"line":18,"column":54}},"7":{"start":{"line":19,"column":30},"end":{"line":21,"column":5}},"8":{"start":{"line":20,"column":8},"end":{"line":20,"column":34}},"9":{"start":{"line":23,"column":31},"end":{"line":23,"column":46}},"10":{"start":{"line":24,"column":26},"end":{"line":26,"column":5}},"11":{"start":{"line":25,"column":8},"end":{"line":25,"column":26}},"12":{"start":{"line":28,"column":37},"end":{"line":28,"column":52}},"13":{"start":{"line":29,"column":29},"end":{"line":31,"column":5}},"14":{"start":{"line":30,"column":8},"end":{"line":30,"column":32}},"15":{"start":{"line":33,"column":39},"end":{"line":33,"column":54}},"16":{"start":{"line":34,"column":30},"end":{"line":36,"column":5}},"17":{"start":{"line":35,"column":8},"end":{"line":35,"column":34}},"18":{"start":{"line":38,"column":37},"end":{"line":38,"column":52}},"19":{"start":{"line":39,"column":29},"end":{"line":41,"column":5}},"20":{"start":{"line":40,"column":8},"end":{"line":40,"column":32}},"21":{"start":{"line":43,"column":35},"end":{"line":43,"column":50}},"22":{"start":{"line":44,"column":28},"end":{"line":46,"column":5}},"23":{"start":{"line":45,"column":8},"end":{"line":45,"column":30}},"24":{"start":{"line":48,"column":31},"end":{"line":48,"column":46}},"25":{"start":{"line":49,"column":26},"end":{"line":51,"column":5}},"26":{"start":{"line":50,"column":8},"end":{"line":50,"column":26}},"27":{"start":{"line":53,"column":31},"end":{"line":53,"column":46}},"28":{"start":{"line":54,"column":26},"end":{"line":56,"column":5}},"29":{"start":{"line":55,"column":8},"end":{"line":55,"column":26}},"30":{"start":{"line":58,"column":35},"end":{"line":58,"column":50}},"31":{"start":{"line":59,"column":28},"end":{"line":61,"column":5}},"32":{"start":{"line":60,"column":8},"end":{"line":60,"column":30}},"33":{"start":{"line":63,"column":35},"end":{"line":63,"column":50}},"34":{"start":{"line":64,"column":28},"end":{"line":66,"column":5}},"35":{"start":{"line":65,"column":8},"end":{"line":65,"column":30}},"36":{"start":{"line":69,"column":28},"end":{"line":72,"column":5}},"37":{"start":{"line":70,"column":8},"end":{"line":70,"column":34}},"38":{"start":{"line":71,"column":8},"end":{"line":71,"column":51}},"39":{"start":{"line":74,"column":29},"end":{"line":77,"column":5}},"40":{"start":{"line":75,"column":8},"end":{"line":75,"column":34}},"41":{"start":{"line":76,"column":8},"end":{"line":76,"column":45}},"42":{"start":{"line":79,"column":26},"end":{"line":82,"column":5}},"43":{"start":{"line":80,"column":8},"end":{"line":80,"column":30}},"44":{"start":{"line":81,"column":8},"end":{"line":81,"column":54}},"45":{"start":{"line":84,"column":27},"end":{"line":87,"column":5}},"46":{"start":{"line":85,"column":8},"end":{"line":85,"column":30}},"47":{"start":{"line":86,"column":8},"end":{"line":86,"column":48}},"48":{"start":{"line":89,"column":28},"end":{"line":92,"column":5}},"49":{"start":{"line":90,"column":8},"end":{"line":90,"column":34}},"50":{"start":{"line":91,"column":8},"end":{"line":91,"column":47}},"51":{"start":{"line":99,"column":24},"end":{"line":102,"column":5}},"52":{"start":{"line":100,"column":8},"end":{"line":100,"column":26}},"53":{"start":{"line":101,"column":8},"end":{"line":101,"column":43}},"54":{"start":{"line":109,"column":27},"end":{"line":112,"column":5}},"55":{"start":{"line":110,"column":8},"end":{"line":110,"column":32}},"56":{"start":{"line":111,"column":8},"end":{"line":111,"column":50}},"57":{"start":{"line":119,"column":28},"end":{"line":122,"column":5}},"58":{"start":{"line":120,"column":8},"end":{"line":120,"column":34}},"59":{"start":{"line":121,"column":8},"end":{"line":121,"column":51}},"60":{"start":{"line":129,"column":27},"end":{"line":132,"column":5}},"61":{"start":{"line":130,"column":8},"end":{"line":130,"column":32}},"62":{"start":{"line":131,"column":8},"end":{"line":131,"column":46}},"63":{"start":{"line":139,"column":34},"end":{"line":142,"column":5}},"64":{"start":{"line":140,"column":8},"end":{"line":140,"column":30}},"65":{"start":{"line":141,"column":8},"end":{"line":141,"column":53}},"66":{"start":{"line":150,"column":24},"end":{"line":153,"column":5}},"67":{"start":{"line":151,"column":8},"end":{"line":151,"column":26}},"68":{"start":{"line":152,"column":8},"end":{"line":152,"column":43}},"69":{"start":{"line":160,"column":24},"end":{"line":163,"column":5}},"70":{"start":{"line":161,"column":8},"end":{"line":161,"column":26}},"71":{"start":{"line":162,"column":8},"end":{"line":162,"column":43}},"72":{"start":{"line":170,"column":27},"end":{"line":173,"column":5}},"73":{"start":{"line":171,"column":8},"end":{"line":171,"column":30}},"74":{"start":{"line":172,"column":8},"end":{"line":172,"column":51}},"75":{"start":{"line":180,"column":26},"end":{"line":183,"column":5}},"76":{"start":{"line":181,"column":8},"end":{"line":181,"column":30}},"77":{"start":{"line":182,"column":8},"end":{"line":182,"column":45}},"78":{"start":{"line":192,"column":4},"end":{"line":509,"column":6}},"79":{"start":{"line":515,"column":15},"end":{"line":599,"column":2}}},"fnMap":{"0":{"name":"Topics","decl":{"start":{"line":5,"column":24},"end":{"line":5,"column":30}},"loc":{"start":{"line":5,"column":44},"end":{"line":510,"column":1}},"line":5},"1":{"name":"(anonymous_1)","decl":{"start":{"line":9,"column":30},"end":{"line":9,"column":31}},"loc":{"start":{"line":9,"column":36},"end":{"line":11,"column":5}},"line":9},"2":{"name":"(anonymous_2)","decl":{"start":{"line":14,"column":28},"end":{"line":14,"column":29}},"loc":{"start":{"line":14,"column":34},"end":{"line":16,"column":5}},"line":14},"3":{"name":"(anonymous_3)","decl":{"start":{"line":19,"column":30},"end":{"line":19,"column":31}},"loc":{"start":{"line":19,"column":36},"end":{"line":21,"column":5}},"line":19},"4":{"name":"(anonymous_4)","decl":{"start":{"line":24,"column":26},"end":{"line":24,"column":27}},"loc":{"start":{"line":24,"column":32},"end":{"line":26,"column":5}},"line":24},"5":{"name":"(anonymous_5)","decl":{"start":{"line":29,"column":29},"end":{"line":29,"column":30}},"loc":{"start":{"line":29,"column":35},"end":{"line":31,"column":5}},"line":29},"6":{"name":"(anonymous_6)","decl":{"start":{"line":34,"column":30},"end":{"line":34,"column":31}},"loc":{"start":{"line":34,"column":36},"end":{"line":36,"column":5}},"line":34},"7":{"name":"(anonymous_7)","decl":{"start":{"line":39,"column":29},"end":{"line":39,"column":30}},"loc":{"start":{"line":39,"column":35},"end":{"line":41,"column":5}},"line":39},"8":{"name":"(anonymous_8)","decl":{"start":{"line":44,"column":28},"end":{"line":44,"column":29}},"loc":{"start":{"line":44,"column":34},"end":{"line":46,"column":5}},"line":44},"9":{"name":"(anonymous_9)","decl":{"start":{"line":49,"column":26},"end":{"line":49,"column":27}},"loc":{"start":{"line":49,"column":32},"end":{"line":51,"column":5}},"line":49},"10":{"name":"(anonymous_10)","decl":{"start":{"line":54,"column":26},"end":{"line":54,"column":27}},"loc":{"start":{"line":54,"column":32},"end":{"line":56,"column":5}},"line":54},"11":{"name":"(anonymous_11)","decl":{"start":{"line":59,"column":28},"end":{"line":59,"column":29}},"loc":{"start":{"line":59,"column":34},"end":{"line":61,"column":5}},"line":59},"12":{"name":"(anonymous_12)","decl":{"start":{"line":64,"column":28},"end":{"line":64,"column":29}},"loc":{"start":{"line":64,"column":34},"end":{"line":66,"column":5}},"line":64},"13":{"name":"(anonymous_13)","decl":{"start":{"line":69,"column":28},"end":{"line":69,"column":29}},"loc":{"start":{"line":69,"column":34},"end":{"line":72,"column":5}},"line":69},"14":{"name":"(anonymous_14)","decl":{"start":{"line":74,"column":29},"end":{"line":74,"column":30}},"loc":{"start":{"line":74,"column":35},"end":{"line":77,"column":5}},"line":74},"15":{"name":"(anonymous_15)","decl":{"start":{"line":79,"column":26},"end":{"line":79,"column":27}},"loc":{"start":{"line":79,"column":32},"end":{"line":82,"column":5}},"line":79},"16":{"name":"(anonymous_16)","decl":{"start":{"line":84,"column":27},"end":{"line":84,"column":28}},"loc":{"start":{"line":84,"column":33},"end":{"line":87,"column":5}},"line":84},"17":{"name":"(anonymous_17)","decl":{"start":{"line":89,"column":28},"end":{"line":89,"column":29}},"loc":{"start":{"line":89,"column":34},"end":{"line":92,"column":5}},"line":89},"18":{"name":"(anonymous_18)","decl":{"start":{"line":99,"column":24},"end":{"line":99,"column":25}},"loc":{"start":{"line":99,"column":30},"end":{"line":102,"column":5}},"line":99},"19":{"name":"(anonymous_19)","decl":{"start":{"line":109,"column":27},"end":{"line":109,"column":28}},"loc":{"start":{"line":109,"column":33},"end":{"line":112,"column":5}},"line":109},"20":{"name":"(anonymous_20)","decl":{"start":{"line":119,"column":28},"end":{"line":119,"column":29}},"loc":{"start":{"line":119,"column":34},"end":{"line":122,"column":5}},"line":119},"21":{"name":"(anonymous_21)","decl":{"start":{"line":129,"column":27},"end":{"line":129,"column":28}},"loc":{"start":{"line":129,"column":33},"end":{"line":132,"column":5}},"line":129},"22":{"name":"(anonymous_22)","decl":{"start":{"line":139,"column":34},"end":{"line":139,"column":35}},"loc":{"start":{"line":139,"column":40},"end":{"line":142,"column":5}},"line":139},"23":{"name":"(anonymous_23)","decl":{"start":{"line":150,"column":24},"end":{"line":150,"column":25}},"loc":{"start":{"line":150,"column":30},"end":{"line":153,"column":5}},"line":150},"24":{"name":"(anonymous_24)","decl":{"start":{"line":160,"column":24},"end":{"line":160,"column":25}},"loc":{"start":{"line":160,"column":30},"end":{"line":163,"column":5}},"line":160},"25":{"name":"(anonymous_25)","decl":{"start":{"line":170,"column":27},"end":{"line":170,"column":28}},"loc":{"start":{"line":170,"column":33},"end":{"line":173,"column":5}},"line":170},"26":{"name":"(anonymous_26)","decl":{"start":{"line":180,"column":26},"end":{"line":180,"column":27}},"loc":{"start":{"line":180,"column":32},"end":{"line":183,"column":5}},"line":180}},"branchMap":{},"s":{"0":0,"1":0,"2":0,"3":0,"4":0,"5":0,"6":0,"7":0,"8":0,"9":0,"10":0,"11":0,"12":0,"13":0,"14":0,"15":0,"16":0,"17":0,"18":0,"19":0,"20":0,"21":0,"22":0,"23":0,"24":0,"25":0,"26":0,"27":0,"28":0,"29":0,"30":0,"31":0,"32":0,"33":0,"34":0,"35":0,"36":0,"37":0,"38":0,"39":0,"40":0,"41":0,"42":0,"43":0,"44":0,"45":0,"46":0,"47":0,"48":0,"49":0,"50":0,"51":0,"52":0,"53":0,"54":0,"55":0,"56":0,"57":0,"58":0,"59":0,"60":0,"61":0,"62":0,"63":0,"64":0,"65":0,"66":0,"67":0,"68":0,"69":0,"70":0,"71":0,"72":0,"73":0,"74":0,"75":0,"76":0,"77":0,"78":0,"79":2},"f":{"0":0,"1":0,"2":0,"3":0,"4":0,"5":0,"6":0,"7":0,"8":0,"9":0,"10":0,"11":0,"12":0,"13":0,"14":0,"15":0,"16":0,"17":0,"18":0,"19":0,"20":0,"21":0,"22":0,"23":0,"24":0,"25":0,"26":0},"b":{},"_coverageSchema":"1a1c01bbd47fc00a2c39e90264f33305004495a9","hash":"6e7f51397298407d5301c66d35b6300da620d957"}
,"/Users/devam/Desktop/GitHub/cs341-spring-2022-diagnosis/diagnosis/screens/topics-screens/Cardiology_MM.js": {"path":"/Users/devam/Desktop/GitHub/cs341-spring-2022-diagnosis/diagnosis/screens/topics-screens/Cardiology_MM.js","statementMap":{"0":{"start":{"line":5,"column":22},"end":{"line":12,"column":1}},"1":{"start":{"line":6,"column":4},"end":{"line":11,"column":11}},"2":{"start":{"line":14,"column":15},"end":{"line":26,"column":2}}},"fnMap":{"0":{"name":"(anonymous_0)","decl":{"start":{"line":5,"column":22},"end":{"line":5,"column":23}},"loc":{"start":{"line":6,"column":4},"end":{"line":11,"column":11}},"line":6}},"branchMap":{},"s":{"0":2,"1":0,"2":2},"f":{"0":0},"b":{},"_coverageSchema":"1a1c01bbd47fc00a2c39e90264f33305004495a9","hash":"1e34a795f9bdbd31b0de74a44f7f755eef6a43e0"}
,"/Users/devam/Desktop/GitHub/cs341-spring-2022-diagnosis/diagnosis/screens/topics-screens/Cardiology_Tutorial.js": {"path":"/Users/devam/Desktop/GitHub/cs341-spring-2022-diagnosis/diagnosis/screens/topics-screens/Cardiology_Tutorial.js","statementMap":{"0":{"start":{"line":5,"column":28},"end":{"line":12,"column":1}},"1":{"start":{"line":6,"column":4},"end":{"line":11,"column":11}},"2":{"start":{"line":14,"column":15},"end":{"line":26,"column":2}}},"fnMap":{"0":{"name":"(anonymous_0)","decl":{"start":{"line":5,"column":28},"end":{"line":5,"column":29}},"loc":{"start":{"line":6,"column":4},"end":{"line":11,"column":11}},"line":6}},"branchMap":{},"s":{"0":2,"1":0,"2":2},"f":{"0":0},"b":{},"_coverageSchema":"1a1c01bbd47fc00a2c39e90264f33305004495a9","hash":"a6f1ca243826369fccca318f622ada9cb9043c29"}
,"/Users/devam/Desktop/GitHub/cs341-spring-2022-diagnosis/diagnosis/screens/topics-screens/Endocrinology_MM.js": {"path":"/Users/devam/Desktop/GitHub/cs341-spring-2022-diagnosis/diagnosis/screens/topics-screens/Endocrinology_MM.js","statementMap":{"0":{"start":{"line":5,"column":31},"end":{"line":12,"column":1}},"1":{"start":{"line":6,"column":4},"end":{"line":11,"column":11}},"2":{"start":{"line":14,"column":15},"end":{"line":26,"column":2}}},"fnMap":{"0":{"name":"(anonymous_0)","decl":{"start":{"line":5,"column":31},"end":{"line":5,"column":32}},"loc":{"start":{"line":6,"column":4},"end":{"line":11,"column":11}},"line":6}},"branchMap":{},"s":{"0":2,"1":0,"2":2},"f":{"0":0},"b":{},"_coverageSchema":"1a1c01bbd47fc00a2c39e90264f33305004495a9","hash":"9574523442890806bbd5fe1a60b07726bdafb069"}
,"/Users/devam/Desktop/GitHub/cs341-spring-2022-diagnosis/diagnosis/screens/topics-screens/Endocrinology_Tutorial.js": {"path":"/Users/devam/Desktop/GitHub/cs341-spring-2022-diagnosis/diagnosis/screens/topics-screens/Endocrinology_Tutorial.js","statementMap":{"0":{"start":{"line":5,"column":31},"end":{"line":12,"column":1}},"1":{"start":{"line":6,"column":4},"end":{"line":11,"column":11}},"2":{"start":{"line":14,"column":15},"end":{"line":26,"column":2}}},"fnMap":{"0":{"name":"(anonymous_0)","decl":{"start":{"line":5,"column":31},"end":{"line":5,"column":32}},"loc":{"start":{"line":6,"column":4},"end":{"line":11,"column":11}},"line":6}},"branchMap":{},"s":{"0":2,"1":0,"2":2},"f":{"0":0},"b":{},"_coverageSchema":"1a1c01bbd47fc00a2c39e90264f33305004495a9","hash":"8d69bf6414313ce1b0e612285cdecaacc040f562"}
,"/Users/devam/Desktop/GitHub/cs341-spring-2022-diagnosis/diagnosis/screens/topics-screens/Gastro_Tutorial.js": {"path":"/Users/devam/Desktop/GitHub/cs341-spring-2022-diagnosis/diagnosis/screens/topics-screens/Gastro_Tutorial.js","statementMap":{"0":{"start":{"line":5,"column":24},"end":{"line":12,"column":1}},"1":{"start":{"line":6,"column":4},"end":{"line":11,"column":11}},"2":{"start":{"line":14,"column":15},"end":{"line":26,"column":2}}},"fnMap":{"0":{"name":"(anonymous_0)","decl":{"start":{"line":5,"column":24},"end":{"line":5,"column":25}},"loc":{"start":{"line":6,"column":4},"end":{"line":11,"column":11}},"line":6}},"branchMap":{},"s":{"0":2,"1":0,"2":2},"f":{"0":0},"b":{},"_coverageSchema":"1a1c01bbd47fc00a2c39e90264f33305004495a9","hash":"b5d640d2f06d4eee410239a39075407f19e56c7d"}
,"/Users/devam/Desktop/GitHub/cs341-spring-2022-diagnosis/diagnosis/screens/topics-screens/HC_Tutorial.js": {"path":"/Users/devam/Desktop/GitHub/cs341-spring-2022-diagnosis/diagnosis/screens/topics-screens/HC_Tutorial.js","statementMap":{"0":{"start":{"line":5,"column":20},"end":{"line":12,"column":1}},"1":{"start":{"line":6,"column":4},"end":{"line":11,"column":11}},"2":{"start":{"line":14,"column":15},"end":{"line":26,"column":2}}},"fnMap":{"0":{"name":"(anonymous_0)","decl":{"start":{"line":5,"column":20},"end":{"line":5,"column":21}},"loc":{"start":{"line":6,"column":4},"end":{"line":11,"column":11}},"line":6}},"branchMap":{},"s":{"0":2,"1":0,"2":2},"f":{"0":0},"b":{},"_coverageSchema":"1a1c01bbd47fc00a2c39e90264f33305004495a9","hash":"c2e5ec7170857acaf302f99d54e414d202eec444"}
,"/Users/devam/Desktop/GitHub/cs341-spring-2022-diagnosis/diagnosis/screens/topics-screens/HO_Tutorial.js": {"path":"/Users/devam/Desktop/GitHub/cs341-spring-2022-diagnosis/diagnosis/screens/topics-screens/HO_Tutorial.js","statementMap":{"0":{"start":{"line":5,"column":20},"end":{"line":12,"column":1}},"1":{"start":{"line":6,"column":4},"end":{"line":11,"column":11}},"2":{"start":{"line":14,"column":15},"end":{"line":26,"column":2}}},"fnMap":{"0":{"name":"(anonymous_0)","decl":{"start":{"line":5,"column":20},"end":{"line":5,"column":21}},"loc":{"start":{"line":6,"column":4},"end":{"line":11,"column":11}},"line":6}},"branchMap":{},"s":{"0":2,"1":0,"2":2},"f":{"0":0},"b":{},"_coverageSchema":"1a1c01bbd47fc00a2c39e90264f33305004495a9","hash":"20fdb4fe5bf8b8bd0c71cecce1a8a2de9f1e4da4"}
,"/Users/devam/Desktop/GitHub/cs341-spring-2022-diagnosis/diagnosis/screens/topics-screens/ID_Tutorial.js": {"path":"/Users/devam/Desktop/GitHub/cs341-spring-2022-diagnosis/diagnosis/screens/topics-screens/ID_Tutorial.js","statementMap":{"0":{"start":{"line":5,"column":20},"end":{"line":12,"column":1}},"1":{"start":{"line":6,"column":4},"end":{"line":11,"column":11}},"2":{"start":{"line":14,"column":15},"end":{"line":26,"column":2}}},"fnMap":{"0":{"name":"(anonymous_0)","decl":{"start":{"line":5,"column":20},"end":{"line":5,"column":21}},"loc":{"start":{"line":6,"column":4},"end":{"line":11,"column":11}},"line":6}},"branchMap":{},"s":{"0":2,"1":0,"2":2},"f":{"0":0},"b":{},"_coverageSchema":"1a1c01bbd47fc00a2c39e90264f33305004495a9","hash":"b9bcbb73a4dfcb170d034b3ac60f735c0bee478f"}
,"/Users/devam/Desktop/GitHub/cs341-spring-2022-diagnosis/diagnosis/screens/topics-screens/Misc_Tutorial.js": {"path":"/Users/devam/Desktop/GitHub/cs341-spring-2022-diagnosis/diagnosis/screens/topics-screens/Misc_Tutorial.js","statementMap":{"0":{"start":{"line":5,"column":22},"end":{"line":12,"column":1}},"1":{"start":{"line":6,"column":4},"end":{"line":11,"column":11}},"2":{"start":{"line":14,"column":15},"end":{"line":26,"column":2}}},"fnMap":{"0":{"name":"(anonymous_0)","decl":{"start":{"line":5,"column":22},"end":{"line":5,"column":23}},"loc":{"start":{"line":6,"column":4},"end":{"line":11,"column":11}},"line":6}},"branchMap":{},"s":{"0":2,"1":0,"2":2},"f":{"0":0},"b":{},"_coverageSchema":"1a1c01bbd47fc00a2c39e90264f33305004495a9","hash":"04fe2794d82faac623cee0eafb6a2c4060d49cfc"}
,"/Users/devam/Desktop/GitHub/cs341-spring-2022-diagnosis/diagnosis/screens/topics-screens/Nails_Tutorial.js": {"path":"/Users/devam/Desktop/GitHub/cs341-spring-2022-diagnosis/diagnosis/screens/topics-screens/Nails_Tutorial.js","statementMap":{"0":{"start":{"line":5,"column":23},"end":{"line":12,"column":1}},"1":{"start":{"line":6,"column":4},"end":{"line":11,"column":11}},"2":{"start":{"line":14,"column":15},"end":{"line":26,"column":2}}},"fnMap":{"0":{"name":"(anonymous_0)","decl":{"start":{"line":5,"column":23},"end":{"line":5,"column":24}},"loc":{"start":{"line":6,"column":4},"end":{"line":11,"column":11}},"line":6}},"branchMap":{},"s":{"0":2,"1":0,"2":2},"f":{"0":0},"b":{},"_coverageSchema":"1a1c01bbd47fc00a2c39e90264f33305004495a9","hash":"00d74500c12869e42d66edb56f0159309d96ac72"}
,"/Users/devam/Desktop/GitHub/cs341-spring-2022-diagnosis/diagnosis/screens/topics-screens/Nephrology_Tutorial.js": {"path":"/Users/devam/Desktop/GitHub/cs341-spring-2022-diagnosis/diagnosis/screens/topics-screens/Nephrology_Tutorial.js","statementMap":{"0":{"start":{"line":5,"column":28},"end":{"line":12,"column":1}},"1":{"start":{"line":6,"column":4},"end":{"line":11,"column":11}},"2":{"start":{"line":14,"column":15},"end":{"line":26,"column":2}}},"fnMap":{"0":{"name":"(anonymous_0)","decl":{"start":{"line":5,"column":28},"end":{"line":5,"column":29}},"loc":{"start":{"line":6,"column":4},"end":{"line":11,"column":11}},"line":6}},"branchMap":{},"s":{"0":2,"1":0,"2":2},"f":{"0":0},"b":{},"_coverageSchema":"1a1c01bbd47fc00a2c39e90264f33305004495a9","hash":"03becea3cd7384da2e5c8df79a197d8eac1a7f03"}
,"/Users/devam/Desktop/GitHub/cs341-spring-2022-diagnosis/diagnosis/screens/topics-screens/Neurology_Tutorial.js": {"path":"/Users/devam/Desktop/GitHub/cs341-spring-2022-diagnosis/diagnosis/screens/topics-screens/Neurology_Tutorial.js","statementMap":{"0":{"start":{"line":5,"column":27},"end":{"line":12,"column":1}},"1":{"start":{"line":6,"column":4},"end":{"line":11,"column":11}},"2":{"start":{"line":14,"column":15},"end":{"line":26,"column":2}}},"fnMap":{"0":{"name":"(anonymous_0)","decl":{"start":{"line":5,"column":27},"end":{"line":5,"column":28}},"loc":{"start":{"line":6,"column":4},"end":{"line":11,"column":11}},"line":6}},"branchMap":{},"s":{"0":2,"1":0,"2":2},"f":{"0":0},"b":{},"_coverageSchema":"1a1c01bbd47fc00a2c39e90264f33305004495a9","hash":"82f7ea791438569ee4a159986eff92ff3c0cde23"}
,"/Users/devam/Desktop/GitHub/cs341-spring-2022-diagnosis/diagnosis/screens/topics-screens/Pulmonolgy.js": {"path":"/Users/devam/Desktop/GitHub/cs341-spring-2022-diagnosis/diagnosis/screens/topics-screens/Pulmonolgy.js","statementMap":{"0":{"start":{"line":5,"column":28},"end":{"line":12,"column":1}},"1":{"start":{"line":6,"column":4},"end":{"line":11,"column":11}},"2":{"start":{"line":14,"column":15},"end":{"line":26,"column":2}}},"fnMap":{"0":{"name":"(anonymous_0)","decl":{"start":{"line":5,"column":28},"end":{"line":5,"column":29}},"loc":{"start":{"line":6,"column":4},"end":{"line":11,"column":11}},"line":6}},"branchMap":{},"s":{"0":2,"1":0,"2":2},"f":{"0":0},"b":{},"_coverageSchema":"1a1c01bbd47fc00a2c39e90264f33305004495a9","hash":"7f4cd67b5a0363ecaf3b912cc98435b4d63ba729"}
,"/Users/devam/Desktop/GitHub/cs341-spring-2022-diagnosis/diagnosis/screens/topics-screens/Rheumatology_Tutorial.js": {"path":"/Users/devam/Desktop/GitHub/cs341-spring-2022-diagnosis/diagnosis/screens/topics-screens/Rheumatology_Tutorial.js","statementMap":{"0":{"start":{"line":5,"column":30},"end":{"line":12,"column":1}},"1":{"start":{"line":6,"column":4},"end":{"line":11,"column":11}},"2":{"start":{"line":14,"column":15},"end":{"line":26,"column":2}}},"fnMap":{"0":{"name":"(anonymous_0)","decl":{"start":{"line":5,"column":30},"end":{"line":5,"column":31}},"loc":{"start":{"line":6,"column":4},"end":{"line":11,"column":11}},"line":6}},"branchMap":{},"s":{"0":2,"1":0,"2":2},"f":{"0":0},"b":{},"_coverageSchema":"1a1c01bbd47fc00a2c39e90264f33305004495a9","hash":"98c37c25c00a384922a7a1b55d7165fb752e3749"}
}
