{"/Users/tamsendean/Desktop/GitHub/cs341-spring-2022-diagnosis-master-4/cs341-spring-2022-diagnosis/diagnosis/assets/Andre-314x314.png": {"path":"/Users/tamsendean/Desktop/GitHub/cs341-spring-2022-diagnosis-master-4/cs341-spring-2022-diagnosis/diagnosis/assets/Andre-314x314.png","statementMap":{"0":{"start":{"line":1,"column":0},"end":{"line":1,"column":19}}},"fnMap":{},"branchMap":{},"s":{"0":1},"f":{},"b":{},"inputSourceMap":null,"_coverageSchema":"1a1c01bbd47fc00a2c39e90264f33305004495a9","hash":"b7ac4489e18fedc4148ebba44a59eb29ef755505"}
,"/Users/tamsendean/Desktop/GitHub/cs341-spring-2022-diagnosis-master-4/cs341-spring-2022-diagnosis/diagnosis/assets/Sullivan.jpeg": {"path":"/Users/tamsendean/Desktop/GitHub/cs341-spring-2022-diagnosis-master-4/cs341-spring-2022-diagnosis/diagnosis/assets/Sullivan.jpeg","statementMap":{"0":{"start":{"line":1,"column":0},"end":{"line":1,"column":19}}},"fnMap":{},"branchMap":{},"s":{"0":1},"f":{},"b":{},"inputSourceMap":null,"_coverageSchema":"1a1c01bbd47fc00a2c39e90264f33305004495a9","hash":"bde8259f654aeaf41b3adc315144950c38915d6b"}
,"/Users/tamsendean/Desktop/GitHub/cs341-spring-2022-diagnosis-master-4/cs341-spring-2022-diagnosis/diagnosis/assets/cropped-logo_new-1.png": {"path":"/Users/tamsendean/Desktop/GitHub/cs341-spring-2022-diagnosis-master-4/cs341-spring-2022-diagnosis/diagnosis/assets/cropped-logo_new-1.png","statementMap":{"0":{"start":{"line":1,"column":0},"end":{"line":1,"column":19}}},"fnMap":{},"branchMap":{},"s":{"0":2},"f":{},"b":{},"inputSourceMap":null,"_coverageSchema":"1a1c01bbd47fc00a2c39e90264f33305004495a9","hash":"ad98eb6820be650a45a883a7c08662b0f7123ee4"}
,"/Users/tamsendean/Desktop/GitHub/cs341-spring-2022-diagnosis-master-4/cs341-spring-2022-diagnosis/diagnosis/assets/ishita-sharma.jpeg": {"path":"/Users/tamsendean/Desktop/GitHub/cs341-spring-2022-diagnosis-master-4/cs341-spring-2022-diagnosis/diagnosis/assets/ishita-sharma.jpeg","statementMap":{"0":{"start":{"line":1,"column":0},"end":{"line":1,"column":19}}},"fnMap":{},"branchMap":{},"s":{"0":1},"f":{},"b":{},"inputSourceMap":null,"_coverageSchema":"1a1c01bbd47fc00a2c39e90264f33305004495a9","hash":"8fb701411af2aafa9297245225f3ab16cfc9cc8d"}
,"/Users/tamsendean/Desktop/GitHub/cs341-spring-2022-diagnosis-master-4/cs341-spring-2022-diagnosis/diagnosis/assets/jgn.jpg": {"path":"/Users/tamsendean/Desktop/GitHub/cs341-spring-2022-diagnosis-master-4/cs341-spring-2022-diagnosis/diagnosis/assets/jgn.jpg","statementMap":{"0":{"start":{"line":1,"column":0},"end":{"line":1,"column":19}}},"fnMap":{},"branchMap":{},"s":{"0":1},"f":{},"b":{},"inputSourceMap":null,"_coverageSchema":"1a1c01bbd47fc00a2c39e90264f33305004495a9","hash":"5c722bb46eb4dcf7ae67980bef59c23c4f372f9a"}
,"/Users/tamsendean/Desktop/GitHub/cs341-spring-2022-diagnosis-master-4/cs341-spring-2022-diagnosis/diagnosis/assets/stethoscope.jpeg": {"path":"/Users/tamsendean/Desktop/GitHub/cs341-spring-2022-diagnosis-master-4/cs341-spring-2022-diagnosis/diagnosis/assets/stethoscope.jpeg","statementMap":{"0":{"start":{"line":1,"column":0},"end":{"line":1,"column":19}}},"fnMap":{},"branchMap":{},"s":{"0":1},"f":{},"b":{},"inputSourceMap":null,"_coverageSchema":"1a1c01bbd47fc00a2c39e90264f33305004495a9","hash":"8c13af4a2fac0b7aff9b10c87ca7a73b3bf418f3"}
,"/Users/tamsendean/Desktop/GitHub/cs341-spring-2022-diagnosis-master-4/cs341-spring-2022-diagnosis/diagnosis/components/CarouselCardItem.js": {"path":"/Users/tamsendean/Desktop/GitHub/cs341-spring-2022-diagnosis-master-4/cs341-spring-2022-diagnosis/diagnosis/components/CarouselCardItem.js","statementMap":{"0":{"start":{"line":4,"column":28},"end":{"line":4,"column":63}},"1":{"start":{"line":5,"column":26},"end":{"line":5,"column":56}},"2":{"start":{"line":7,"column":25},"end":{"line":16,"column":1}},"3":{"start":{"line":8,"column":4},"end":{"line":15,"column":5}},"4":{"start":{"line":18,"column":15},"end":{"line":36,"column":2}}},"fnMap":{"0":{"name":"(anonymous_0)","decl":{"start":{"line":7,"column":25},"end":{"line":7,"column":26}},"loc":{"start":{"line":7,"column":46},"end":{"line":16,"column":1}},"line":7}},"branchMap":{},"s":{"0":1,"1":1,"2":1,"3":0,"4":1},"f":{"0":0},"b":{},"_coverageSchema":"1a1c01bbd47fc00a2c39e90264f33305004495a9","hash":"8465dd46fcc268a6a2464c979a89d8e8d23266b3"}
,"/Users/tamsendean/Desktop/GitHub/cs341-spring-2022-diagnosis-master-4/cs341-spring-2022-diagnosis/diagnosis/components/CarouselCards.js": {"path":"/Users/tamsendean/Desktop/GitHub/cs341-spring-2022-diagnosis-master-4/cs341-spring-2022-diagnosis/diagnosis/components/CarouselCards.js","statementMap":{"0":{"start":{"line":6,"column":15},"end":{"line":13,"column":1}},"1":{"start":{"line":15,"column":22},"end":{"line":49,"column":1}},"2":{"start":{"line":16,"column":30},"end":{"line":16,"column":47}},"3":{"start":{"line":17,"column":23},"end":{"line":17,"column":41}},"4":{"start":{"line":19,"column":4},"end":{"line":48,"column":5}},"5":{"start":{"line":29,"column":41},"end":{"line":29,"column":56}}},"fnMap":{"0":{"name":"(anonymous_0)","decl":{"start":{"line":15,"column":22},"end":{"line":15,"column":23}},"loc":{"start":{"line":15,"column":28},"end":{"line":49,"column":1}},"line":15},"1":{"name":"(anonymous_1)","decl":{"start":{"line":29,"column":30},"end":{"line":29,"column":31}},"loc":{"start":{"line":29,"column":41},"end":{"line":29,"column":56}},"line":29}},"branchMap":{},"s":{"0":1,"1":1,"2":0,"3":0,"4":0,"5":0},"f":{"0":0,"1":0},"b":{},"_coverageSchema":"1a1c01bbd47fc00a2c39e90264f33305004495a9","hash":"6d80ab38baa703aaf65c8f0de601401d1e591605"}
,"/Users/tamsendean/Desktop/GitHub/cs341-spring-2022-diagnosis-master-4/cs341-spring-2022-diagnosis/diagnosis/components/KeyboardAvoidWrap.js": {"path":"/Users/tamsendean/Desktop/GitHub/cs341-spring-2022-diagnosis-master-4/cs341-spring-2022-diagnosis/diagnosis/components/KeyboardAvoidWrap.js","statementMap":{"0":{"start":{"line":6,"column":26},"end":{"line":16,"column":1}},"1":{"start":{"line":7,"column":4},"end":{"line":15,"column":6}}},"fnMap":{"0":{"name":"(anonymous_0)","decl":{"start":{"line":6,"column":26},"end":{"line":6,"column":27}},"loc":{"start":{"line":6,"column":42},"end":{"line":16,"column":1}},"line":6}},"branchMap":{},"s":{"0":2,"1":8},"f":{"0":8},"b":{},"_coverageSchema":"1a1c01bbd47fc00a2c39e90264f33305004495a9","hash":"72ce7001ee0e8f5beb3df9c46beb831f767c778b"}
,"/Users/tamsendean/Desktop/GitHub/cs341-spring-2022-diagnosis-master-4/cs341-spring-2022-diagnosis/diagnosis/components/SignUpLoginStyles.js": {"path":"/Users/tamsendean/Desktop/GitHub/cs341-spring-2022-diagnosis-master-4/cs341-spring-2022-diagnosis/diagnosis/components/SignUpLoginStyles.js","statementMap":{"0":{"start":{"line":5,"column":24},"end":{"line":5,"column":49}},"1":{"start":{"line":7,"column":22},"end":{"line":15,"column":1}},"2":{"start":{"line":17,"column":92},"end":{"line":17,"column":98}},"3":{"start":{"line":19,"column":31},"end":{"line":26,"column":1}},"4":{"start":{"line":28,"column":30},"end":{"line":32,"column":1}},"5":{"start":{"line":34,"column":24},"end":{"line":37,"column":1}},"6":{"start":{"line":39,"column":25},"end":{"line":44,"column":1}},"7":{"start":{"line":46,"column":26},"end":{"line":48,"column":1}},"8":{"start":{"line":50,"column":30},"end":{"line":61,"column":1}},"9":{"start":{"line":63,"column":31},"end":{"line":65,"column":1}},"10":{"start":{"line":67,"column":25},"end":{"line":72,"column":1}},"11":{"start":{"line":73,"column":23},"end":{"line":78,"column":1}},"12":{"start":{"line":80,"column":28},"end":{"line":94,"column":1}},"13":{"start":{"line":89,"column":17},"end":{"line":93,"column":5}},"14":{"start":{"line":95,"column":26},"end":{"line":102,"column":1}},"15":{"start":{"line":99,"column":17},"end":{"line":101,"column":5}},"16":{"start":{"line":104,"column":26},"end":{"line":108,"column":1}},"17":{"start":{"line":110,"column":20},"end":{"line":115,"column":1}},"18":{"start":{"line":117,"column":25},"end":{"line":122,"column":1}},"19":{"start":{"line":124,"column":25},"end":{"line":129,"column":1}},"20":{"start":{"line":131,"column":24},"end":{"line":134,"column":1}},"21":{"start":{"line":136,"column":31},"end":{"line":139,"column":1}}},"fnMap":{"0":{"name":"(anonymous_0)","decl":{"start":{"line":89,"column":6},"end":{"line":89,"column":7}},"loc":{"start":{"line":89,"column":17},"end":{"line":93,"column":5}},"line":89},"1":{"name":"(anonymous_1)","decl":{"start":{"line":99,"column":6},"end":{"line":99,"column":7}},"loc":{"start":{"line":99,"column":17},"end":{"line":101,"column":5}},"line":99}},"branchMap":{"0":{"loc":{"start":{"line":89,"column":17},"end":{"line":93,"column":5}},"type":"binary-expr","locations":[{"start":{"line":89,"column":17},"end":{"line":89,"column":40}},{"start":{"line":89,"column":44},"end":{"line":93,"column":5}}],"line":89},"1":{"loc":{"start":{"line":99,"column":17},"end":{"line":101,"column":5}},"type":"binary-expr","locations":[{"start":{"line":99,"column":17},"end":{"line":99,"column":40}},{"start":{"line":99,"column":44},"end":{"line":101,"column":5}}],"line":99}},"s":{"0":4,"1":4,"2":4,"3":4,"4":4,"5":4,"6":4,"7":4,"8":4,"9":4,"10":4,"11":4,"12":4,"13":38,"14":4,"15":24,"16":4,"17":4,"18":4,"19":4,"20":4,"21":4},"f":{"0":38,"1":24},"b":{"0":[38,14],"1":[24,14]},"_coverageSchema":"1a1c01bbd47fc00a2c39e90264f33305004495a9","hash":"59aa1b3832fc973c589e625ee30ab722aeb0ae56"}
,"/Users/tamsendean/Desktop/GitHub/cs341-spring-2022-diagnosis-master-4/cs341-spring-2022-diagnosis/diagnosis/screens/AboutUs.js": {"path":"/Users/tamsendean/Desktop/GitHub/cs341-spring-2022-diagnosis-master-4/cs341-spring-2022-diagnosis/diagnosis/screens/AboutUs.js","statementMap":{"0":{"start":{"line":8,"column":16},"end":{"line":41,"column":1}},"1":{"start":{"line":9,"column":4},"end":{"line":40,"column":6}},"2":{"start":{"line":43,"column":15},"end":{"line":73,"column":2}}},"fnMap":{"0":{"name":"(anonymous_0)","decl":{"start":{"line":8,"column":16},"end":{"line":8,"column":17}},"loc":{"start":{"line":8,"column":22},"end":{"line":41,"column":1}},"line":8}},"branchMap":{},"s":{"0":1,"1":1,"2":1},"f":{"0":1},"b":{},"_coverageSchema":"1a1c01bbd47fc00a2c39e90264f33305004495a9","hash":"f26b74664d91835f8ffaf572fb9b08022ee0dc9c"}
,"/Users/tamsendean/Desktop/GitHub/cs341-spring-2022-diagnosis-master-4/cs341-spring-2022-diagnosis/diagnosis/screens/Books.js": {"path":"/Users/tamsendean/Desktop/GitHub/cs341-spring-2022-diagnosis-master-4/cs341-spring-2022-diagnosis/diagnosis/screens/Books.js","statementMap":{"0":{"start":{"line":16,"column":14},"end":{"line":96,"column":1}},"1":{"start":{"line":17,"column":2},"end":{"line":95,"column":4}},"2":{"start":{"line":26,"column":12},"end":{"line":26,"column":110}},"3":{"start":{"line":37,"column":12},"end":{"line":37,"column":105}},"4":{"start":{"line":48,"column":12},"end":{"line":48,"column":115}},"5":{"start":{"line":60,"column":12},"end":{"line":60,"column":108}},"6":{"start":{"line":72,"column":12},"end":{"line":72,"column":110}},"7":{"start":{"line":84,"column":12},"end":{"line":84,"column":125}},"8":{"start":{"line":98,"column":15},"end":{"line":120,"column":2}}},"fnMap":{"0":{"name":"(anonymous_0)","decl":{"start":{"line":16,"column":14},"end":{"line":16,"column":15}},"loc":{"start":{"line":16,"column":20},"end":{"line":96,"column":1}},"line":16},"1":{"name":"(anonymous_1)","decl":{"start":{"line":25,"column":19},"end":{"line":25,"column":20}},"loc":{"start":{"line":26,"column":12},"end":{"line":26,"column":110}},"line":26},"2":{"name":"(anonymous_2)","decl":{"start":{"line":36,"column":19},"end":{"line":36,"column":20}},"loc":{"start":{"line":37,"column":12},"end":{"line":37,"column":105}},"line":37},"3":{"name":"(anonymous_3)","decl":{"start":{"line":47,"column":19},"end":{"line":47,"column":20}},"loc":{"start":{"line":48,"column":12},"end":{"line":48,"column":115}},"line":48},"4":{"name":"(anonymous_4)","decl":{"start":{"line":59,"column":19},"end":{"line":59,"column":20}},"loc":{"start":{"line":60,"column":12},"end":{"line":60,"column":108}},"line":60},"5":{"name":"(anonymous_5)","decl":{"start":{"line":71,"column":19},"end":{"line":71,"column":20}},"loc":{"start":{"line":72,"column":12},"end":{"line":72,"column":110}},"line":72},"6":{"name":"(anonymous_6)","decl":{"start":{"line":83,"column":19},"end":{"line":83,"column":20}},"loc":{"start":{"line":84,"column":12},"end":{"line":84,"column":125}},"line":84}},"branchMap":{},"s":{"0":1,"1":1,"2":0,"3":0,"4":0,"5":0,"6":0,"7":0,"8":1},"f":{"0":1,"1":0,"2":0,"3":0,"4":0,"5":0,"6":0},"b":{},"_coverageSchema":"1a1c01bbd47fc00a2c39e90264f33305004495a9","hash":"614d89426fad8dd8454e6bdf8e3ac7095982dd55"}
,"/Users/tamsendean/Desktop/GitHub/cs341-spring-2022-diagnosis-master-4/cs341-spring-2022-diagnosis/diagnosis/screens/Login.js": {"path":"/Users/tamsendean/Desktop/GitHub/cs341-spring-2022-diagnosis-master-4/cs341-spring-2022-diagnosis/diagnosis/screens/Login.js","statementMap":{"0":{"start":{"line":32,"column":54},"end":{"line":32,"column":60}},"1":{"start":{"line":37,"column":14},"end":{"line":150,"column":1}},"2":{"start":{"line":38,"column":42},"end":{"line":38,"column":56}},"3":{"start":{"line":39,"column":32},"end":{"line":39,"column":44}},"4":{"start":{"line":40,"column":40},"end":{"line":40,"column":52}},"5":{"start":{"line":42,"column":24},"end":{"line":45,"column":3}},"6":{"start":{"line":43,"column":4},"end":{"line":43,"column":24}},"7":{"start":{"line":44,"column":4},"end":{"line":44,"column":25}},"8":{"start":{"line":46,"column":2},"end":{"line":149,"column":6}},"9":{"start":{"line":59,"column":14},"end":{"line":91,"column":15}},"10":{"start":{"line":60,"column":16},"end":{"line":60,"column":71}},"11":{"start":{"line":61,"column":16},"end":{"line":61,"column":37}},"12":{"start":{"line":63,"column":16},"end":{"line":90,"column":21}},"13":{"start":{"line":78,"column":20},"end":{"line":83,"column":21}},"14":{"start":{"line":79,"column":22},"end":{"line":79,"column":43}},"15":{"start":{"line":80,"column":22},"end":{"line":80,"column":55}},"16":{"start":{"line":82,"column":22},"end":{"line":82,"column":51}},"17":{"start":{"line":86,"column":20},"end":{"line":86,"column":41}},"18":{"start":{"line":87,"column":20},"end":{"line":89,"column":22}},"19":{"start":{"line":94,"column":14},"end":{"line":144,"column":37}},"20":{"start":{"line":133,"column":57},"end":{"line":133,"column":86}},"21":{"start":{"line":139,"column":57},"end":{"line":139,"column":89}},"22":{"start":{"line":152,"column":18},"end":{"line":178,"column":1}},"23":{"start":{"line":160,"column":2},"end":{"line":177,"column":4}},"24":{"start":{"line":168,"column":32},"end":{"line":168,"column":62}}},"fnMap":{"0":{"name":"(anonymous_0)","decl":{"start":{"line":37,"column":14},"end":{"line":37,"column":15}},"loc":{"start":{"line":37,"column":34},"end":{"line":150,"column":1}},"line":37},"1":{"name":"(anonymous_1)","decl":{"start":{"line":42,"column":24},"end":{"line":42,"column":25}},"loc":{"start":{"line":42,"column":43},"end":{"line":45,"column":3}},"line":42},"2":{"name":"(anonymous_2)","decl":{"start":{"line":58,"column":22},"end":{"line":58,"column":23}},"loc":{"start":{"line":58,"column":53},"end":{"line":92,"column":13}},"line":58},"3":{"name":"(anonymous_3)","decl":{"start":{"line":77,"column":24},"end":{"line":77,"column":25}},"loc":{"start":{"line":77,"column":38},"end":{"line":84,"column":19}},"line":77},"4":{"name":"(anonymous_4)","decl":{"start":{"line":85,"column":25},"end":{"line":85,"column":26}},"loc":{"start":{"line":85,"column":31},"end":{"line":90,"column":19}},"line":85},"5":{"name":"(anonymous_5)","decl":{"start":{"line":93,"column":12},"end":{"line":93,"column":13}},"loc":{"start":{"line":94,"column":14},"end":{"line":144,"column":37}},"line":94},"6":{"name":"(anonymous_6)","decl":{"start":{"line":133,"column":51},"end":{"line":133,"column":52}},"loc":{"start":{"line":133,"column":57},"end":{"line":133,"column":86}},"line":133},"7":{"name":"(anonymous_7)","decl":{"start":{"line":139,"column":51},"end":{"line":139,"column":52}},"loc":{"start":{"line":139,"column":57},"end":{"line":139,"column":89}},"line":139},"8":{"name":"(anonymous_8)","decl":{"start":{"line":152,"column":18},"end":{"line":152,"column":19}},"loc":{"start":{"line":159,"column":6},"end":{"line":178,"column":1}},"line":159},"9":{"name":"(anonymous_9)","decl":{"start":{"line":168,"column":26},"end":{"line":168,"column":27}},"loc":{"start":{"line":168,"column":32},"end":{"line":168,"column":62}},"line":168}},"branchMap":{"0":{"loc":{"start":{"line":59,"column":14},"end":{"line":91,"column":15}},"type":"if","locations":[{"start":{"line":59,"column":14},"end":{"line":91,"column":15}},{"start":{"line":62,"column":21},"end":{"line":91,"column":15}}],"line":59},"1":{"loc":{"start":{"line":59,"column":18},"end":{"line":59,"column":64}},"type":"binary-expr","locations":[{"start":{"line":59,"column":18},"end":{"line":59,"column":39}},{"start":{"line":59,"column":43},"end":{"line":59,"column":64}}],"line":59},"2":{"loc":{"start":{"line":78,"column":20},"end":{"line":83,"column":21}},"type":"if","locations":[{"start":{"line":78,"column":20},"end":{"line":83,"column":21}},{"start":{"line":81,"column":27},"end":{"line":83,"column":21}}],"line":78},"3":{"loc":{"start":{"line":120,"column":17},"end":{"line":124,"column":17}},"type":"binary-expr","locations":[{"start":{"line":120,"column":17},"end":{"line":120,"column":30}},{"start":{"line":121,"column":18},"end":{"line":123,"column":33}}],"line":120},"4":{"loc":{"start":{"line":167,"column":7},"end":{"line":175,"column":7}},"type":"binary-expr","locations":[{"start":{"line":167,"column":7},"end":{"line":167,"column":17}},{"start":{"line":168,"column":8},"end":{"line":174,"column":18}}],"line":167},"5":{"loc":{"start":{"line":170,"column":18},"end":{"line":170,"column":56}},"type":"cond-expr","locations":[{"start":{"line":170,"column":33},"end":{"line":170,"column":45}},{"start":{"line":170,"column":48},"end":{"line":170,"column":56}}],"line":170}},"s":{"0":1,"1":1,"2":5,"3":5,"4":5,"5":5,"6":2,"7":2,"8":5,"9":3,"10":2,"11":2,"12":1,"13":0,"14":0,"15":0,"16":0,"17":0,"18":0,"19":19,"20":0,"21":0,"22":1,"23":28,"24":0},"f":{"0":5,"1":2,"2":3,"3":0,"4":0,"5":19,"6":0,"7":0,"8":28,"9":0},"b":{"0":[2,1],"1":[3,1],"2":[0,0],"3":[19,5],"4":[28,14],"5":[14,0]},"_coverageSchema":"1a1c01bbd47fc00a2c39e90264f33305004495a9","hash":"aeb89352c42d51a3c91199761afa5aca3be40c35"}
,"/Users/tamsendean/Desktop/GitHub/cs341-spring-2022-diagnosis-master-4/cs341-spring-2022-diagnosis/diagnosis/screens/MainMenu.js": {"path":"/Users/tamsendean/Desktop/GitHub/cs341-spring-2022-diagnosis-master-4/cs341-spring-2022-diagnosis/diagnosis/screens/MainMenu.js","statementMap":{"0":{"start":{"line":8,"column":24},"end":{"line":8,"column":49}},"1":{"start":{"line":10,"column":17},"end":{"line":45,"column":1}},"2":{"start":{"line":11,"column":8},"end":{"line":44,"column":15}},"3":{"start":{"line":22,"column":100},"end":{"line":22,"column":136}},"4":{"start":{"line":26,"column":100},"end":{"line":26,"column":131}},"5":{"start":{"line":30,"column":102},"end":{"line":30,"column":131}},"6":{"start":{"line":34,"column":101},"end":{"line":34,"column":132}},"7":{"start":{"line":38,"column":101},"end":{"line":38,"column":131}},"8":{"start":{"line":48,"column":15},"end":{"line":190,"column":2}}},"fnMap":{"0":{"name":"(anonymous_0)","decl":{"start":{"line":10,"column":17},"end":{"line":10,"column":18}},"loc":{"start":{"line":11,"column":8},"end":{"line":44,"column":15}},"line":11},"1":{"name":"(anonymous_1)","decl":{"start":{"line":22,"column":94},"end":{"line":22,"column":95}},"loc":{"start":{"line":22,"column":100},"end":{"line":22,"column":136}},"line":22},"2":{"name":"(anonymous_2)","decl":{"start":{"line":26,"column":94},"end":{"line":26,"column":95}},"loc":{"start":{"line":26,"column":100},"end":{"line":26,"column":131}},"line":26},"3":{"name":"(anonymous_3)","decl":{"start":{"line":30,"column":96},"end":{"line":30,"column":97}},"loc":{"start":{"line":30,"column":102},"end":{"line":30,"column":131}},"line":30},"4":{"name":"(anonymous_4)","decl":{"start":{"line":34,"column":95},"end":{"line":34,"column":96}},"loc":{"start":{"line":34,"column":101},"end":{"line":34,"column":132}},"line":34},"5":{"name":"(anonymous_5)","decl":{"start":{"line":38,"column":95},"end":{"line":38,"column":96}},"loc":{"start":{"line":38,"column":101},"end":{"line":38,"column":131}},"line":38}},"branchMap":{},"s":{"0":1,"1":1,"2":6,"3":1,"4":1,"5":1,"6":1,"7":1,"8":1},"f":{"0":6,"1":1,"2":1,"3":1,"4":1,"5":1},"b":{},"_coverageSchema":"1a1c01bbd47fc00a2c39e90264f33305004495a9","hash":"6ce3192192b0d543dd6d27e7a8f6cc630179ecb4"}
,"/Users/tamsendean/Desktop/GitHub/cs341-spring-2022-diagnosis-master-4/cs341-spring-2022-diagnosis/diagnosis/screens/Multimedia.js": {"path":"/Users/tamsendean/Desktop/GitHub/cs341-spring-2022-diagnosis-master-4/cs341-spring-2022-diagnosis/diagnosis/screens/Multimedia.js","statementMap":{"0":{"start":{"line":14,"column":52},"end":{"line":14,"column":58}},"1":{"start":{"line":16,"column":19},"end":{"line":79,"column":1}},"2":{"start":{"line":17,"column":34},"end":{"line":17,"column":52}},"3":{"start":{"line":18,"column":38},"end":{"line":18,"column":53}},"4":{"start":{"line":19,"column":25},"end":{"line":19,"column":76}},"5":{"start":{"line":19,"column":31},"end":{"line":19,"column":76}},"6":{"start":{"line":19,"column":61},"end":{"line":19,"column":75}},"7":{"start":{"line":20,"column":46},"end":{"line":20,"column":57}},"8":{"start":{"line":22,"column":23},"end":{"line":22,"column":24}},"9":{"start":{"line":23,"column":20},"end":{"line":23,"column":33}},"10":{"start":{"line":24,"column":22},"end":{"line":24,"column":35}},"11":{"start":{"line":25,"column":17},"end":{"line":25,"column":30}},"12":{"start":{"line":26,"column":15},"end":{"line":26,"column":48}},"13":{"start":{"line":27,"column":17},"end":{"line":27,"column":30}},"14":{"start":{"line":28,"column":15},"end":{"line":28,"column":24}},"15":{"start":{"line":29,"column":17},"end":{"line":29,"column":30}},"16":{"start":{"line":30,"column":15},"end":{"line":30,"column":24}},"17":{"start":{"line":31,"column":17},"end":{"line":31,"column":30}},"18":{"start":{"line":32,"column":15},"end":{"line":32,"column":24}},"19":{"start":{"line":33,"column":17},"end":{"line":33,"column":30}},"20":{"start":{"line":34,"column":15},"end":{"line":34,"column":24}},"21":{"start":{"line":36,"column":4},"end":{"line":78,"column":6}},"22":{"start":{"line":73,"column":40},"end":{"line":73,"column":63}}},"fnMap":{"0":{"name":"(anonymous_0)","decl":{"start":{"line":16,"column":19},"end":{"line":16,"column":20}},"loc":{"start":{"line":16,"column":25},"end":{"line":79,"column":1}},"line":16},"1":{"name":"(anonymous_1)","decl":{"start":{"line":19,"column":25},"end":{"line":19,"column":26}},"loc":{"start":{"line":19,"column":31},"end":{"line":19,"column":76}},"line":19},"2":{"name":"(anonymous_2)","decl":{"start":{"line":19,"column":44},"end":{"line":19,"column":45}},"loc":{"start":{"line":19,"column":61},"end":{"line":19,"column":75}},"line":19},"3":{"name":"(anonymous_3)","decl":{"start":{"line":73,"column":29},"end":{"line":73,"column":30}},"loc":{"start":{"line":73,"column":40},"end":{"line":73,"column":63}},"line":73}},"branchMap":{"0":{"loc":{"start":{"line":47,"column":27},"end":{"line":47,"column":90}},"type":"cond-expr","locations":[{"start":{"line":47,"column":39},"end":{"line":47,"column":58}},{"start":{"line":47,"column":61},"end":{"line":47,"column":90}}],"line":47},"1":{"loc":{"start":{"line":50,"column":36},"end":{"line":50,"column":69}},"type":"cond-expr","locations":[{"start":{"line":50,"column":48},"end":{"line":50,"column":57}},{"start":{"line":50,"column":60},"end":{"line":50,"column":69}}],"line":50}},"s":{"0":1,"1":1,"2":4,"3":3,"4":3,"5":0,"6":0,"7":3,"8":3,"9":3,"10":3,"11":3,"12":3,"13":3,"14":3,"15":3,"16":3,"17":3,"18":3,"19":3,"20":3,"21":3,"22":1},"f":{"0":4,"1":0,"2":0,"3":1},"b":{"0":[0,3],"1":[0,3]},"_coverageSchema":"1a1c01bbd47fc00a2c39e90264f33305004495a9","hash":"4b004a8b50f81458f707e2a45c575c59b5fd81c8"}
,"/Users/tamsendean/Desktop/GitHub/cs341-spring-2022-diagnosis-master-4/cs341-spring-2022-diagnosis/diagnosis/screens/Signup.js": {"path":"/Users/tamsendean/Desktop/GitHub/cs341-spring-2022-diagnosis-master-4/cs341-spring-2022-diagnosis/diagnosis/screens/Signup.js","statementMap":{"0":{"start":{"line":29,"column":31},"end":{"line":29,"column":37}},"1":{"start":{"line":34,"column":30},"end":{"line":40,"column":2}},"2":{"start":{"line":42,"column":15},"end":{"line":140,"column":1}},"3":{"start":{"line":43,"column":44},"end":{"line":43,"column":58}},"4":{"start":{"line":45,"column":4},"end":{"line":139,"column":6}},"5":{"start":{"line":54,"column":41},"end":{"line":54,"column":97}},"6":{"start":{"line":54,"column":59},"end":{"line":54,"column":90}},"7":{"start":{"line":56,"column":24},"end":{"line":134,"column":37}},"8":{"start":{"line":130,"column":57},"end":{"line":130,"column":85}},"9":{"start":{"line":142,"column":18},"end":{"line":157,"column":1}},"10":{"start":{"line":143,"column":4},"end":{"line":156,"column":5}},"11":{"start":{"line":151,"column":40},"end":{"line":151,"column":70}}},"fnMap":{"0":{"name":"(anonymous_0)","decl":{"start":{"line":42,"column":15},"end":{"line":42,"column":16}},"loc":{"start":{"line":42,"column":33},"end":{"line":140,"column":1}},"line":42},"1":{"name":"(anonymous_1)","decl":{"start":{"line":54,"column":34},"end":{"line":54,"column":35}},"loc":{"start":{"line":54,"column":40},"end":{"line":54,"column":98}},"line":54},"2":{"name":"(anonymous_2)","decl":{"start":{"line":54,"column":52},"end":{"line":54,"column":53}},"loc":{"start":{"line":54,"column":58},"end":{"line":54,"column":91}},"line":54},"3":{"name":"(anonymous_3)","decl":{"start":{"line":55,"column":22},"end":{"line":55,"column":23}},"loc":{"start":{"line":56,"column":24},"end":{"line":134,"column":37}},"line":56},"4":{"name":"(anonymous_4)","decl":{"start":{"line":130,"column":51},"end":{"line":130,"column":52}},"loc":{"start":{"line":130,"column":57},"end":{"line":130,"column":85}},"line":130},"5":{"name":"(anonymous_5)","decl":{"start":{"line":142,"column":18},"end":{"line":142,"column":19}},"loc":{"start":{"line":142,"column":90},"end":{"line":157,"column":1}},"line":142},"6":{"name":"(anonymous_6)","decl":{"start":{"line":151,"column":34},"end":{"line":151,"column":35}},"loc":{"start":{"line":151,"column":40},"end":{"line":151,"column":70}},"line":151}},"branchMap":{"0":{"loc":{"start":{"line":77,"column":29},"end":{"line":77,"column":161}},"type":"cond-expr","locations":[{"start":{"line":77,"column":68},"end":{"line":77,"column":153}},{"start":{"line":77,"column":157},"end":{"line":77,"column":161}}],"line":77},"1":{"loc":{"start":{"line":77,"column":29},"end":{"line":77,"column":64}},"type":"binary-expr","locations":[{"start":{"line":77,"column":29},"end":{"line":77,"column":45}},{"start":{"line":77,"column":49},"end":{"line":77,"column":64}}],"line":77},"2":{"loc":{"start":{"line":89,"column":29},"end":{"line":89,"column":149}},"type":"cond-expr","locations":[{"start":{"line":89,"column":62},"end":{"line":89,"column":141}},{"start":{"line":89,"column":145},"end":{"line":89,"column":149}}],"line":89},"3":{"loc":{"start":{"line":89,"column":29},"end":{"line":89,"column":58}},"type":"binary-expr","locations":[{"start":{"line":89,"column":29},"end":{"line":89,"column":42}},{"start":{"line":89,"column":46},"end":{"line":89,"column":58}}],"line":89},"4":{"loc":{"start":{"line":104,"column":29},"end":{"line":104,"column":161}},"type":"cond-expr","locations":[{"start":{"line":104,"column":68},"end":{"line":104,"column":153}},{"start":{"line":104,"column":157},"end":{"line":104,"column":161}}],"line":104},"5":{"loc":{"start":{"line":104,"column":29},"end":{"line":104,"column":64}},"type":"binary-expr","locations":[{"start":{"line":104,"column":29},"end":{"line":104,"column":45}},{"start":{"line":104,"column":49},"end":{"line":104,"column":64}}],"line":104},"6":{"loc":{"start":{"line":119,"column":29},"end":{"line":119,"column":184}},"type":"cond-expr","locations":[{"start":{"line":119,"column":82},"end":{"line":119,"column":176}},{"start":{"line":119,"column":180},"end":{"line":119,"column":184}}],"line":119},"7":{"loc":{"start":{"line":119,"column":29},"end":{"line":119,"column":78}},"type":"binary-expr","locations":[{"start":{"line":119,"column":29},"end":{"line":119,"column":52}},{"start":{"line":119,"column":56},"end":{"line":119,"column":78}}],"line":119},"8":{"loc":{"start":{"line":120,"column":29},"end":{"line":122,"column":43}},"type":"binary-expr","locations":[{"start":{"line":120,"column":29},"end":{"line":120,"column":42}},{"start":{"line":120,"column":46},"end":{"line":122,"column":43}}],"line":120},"9":{"loc":{"start":{"line":124,"column":29},"end":{"line":126,"column":43}},"type":"binary-expr","locations":[{"start":{"line":124,"column":29},"end":{"line":124,"column":41}},{"start":{"line":124,"column":45},"end":{"line":126,"column":43}}],"line":124},"10":{"loc":{"start":{"line":150,"column":13},"end":{"line":154,"column":13}},"type":"binary-expr","locations":[{"start":{"line":150,"column":13},"end":{"line":150,"column":23}},{"start":{"line":151,"column":16},"end":{"line":153,"column":26}}],"line":150},"11":{"loc":{"start":{"line":152,"column":36},"end":{"line":152,"column":74}},"type":"cond-expr","locations":[{"start":{"line":152,"column":51},"end":{"line":152,"column":63}},{"start":{"line":152,"column":66},"end":{"line":152,"column":74}}],"line":152}},"s":{"0":1,"1":1,"2":1,"3":3,"4":3,"5":0,"6":0,"7":19,"8":0,"9":1,"10":95,"11":0},"f":{"0":3,"1":0,"2":0,"3":19,"4":0,"5":95,"6":0},"b":{"0":[10,9],"1":[19,16],"2":[10,9],"3":[19,16],"4":[10,9],"5":[19,16],"6":[12,7],"7":[19,16],"8":[19,5],"9":[19,14],"10":[95,38],"11":[38,0]},"_coverageSchema":"1a1c01bbd47fc00a2c39e90264f33305004495a9","hash":"af1ee76b9c08cd3428192b126f0ca1ca9f1a8030"}
,"/Users/tamsendean/Desktop/GitHub/cs341-spring-2022-diagnosis-master-4/cs341-spring-2022-diagnosis/diagnosis/screens/TeamInfo.js": {"path":"/Users/tamsendean/Desktop/GitHub/cs341-spring-2022-diagnosis-master-4/cs341-spring-2022-diagnosis/diagnosis/screens/TeamInfo.js","statementMap":{"0":{"start":{"line":6,"column":17},"end":{"line":70,"column":1}},"1":{"start":{"line":7,"column":8},"end":{"line":69,"column":21}},"2":{"start":{"line":19,"column":43},"end":{"line":19,"column":101}},"3":{"start":{"line":25,"column":43},"end":{"line":25,"column":106}},"4":{"start":{"line":31,"column":43},"end":{"line":31,"column":118}},"5":{"start":{"line":37,"column":43},"end":{"line":37,"column":94}},"6":{"start":{"line":52,"column":34},"end":{"line":52,"column":88}},"7":{"start":{"line":72,"column":15},"end":{"line":89,"column":2}}},"fnMap":{"0":{"name":"(anonymous_0)","decl":{"start":{"line":6,"column":17},"end":{"line":6,"column":18}},"loc":{"start":{"line":7,"column":8},"end":{"line":69,"column":21}},"line":7},"1":{"name":"(anonymous_1)","decl":{"start":{"line":19,"column":37},"end":{"line":19,"column":38}},"loc":{"start":{"line":19,"column":43},"end":{"line":19,"column":101}},"line":19},"2":{"name":"(anonymous_2)","decl":{"start":{"line":25,"column":37},"end":{"line":25,"column":38}},"loc":{"start":{"line":25,"column":43},"end":{"line":25,"column":106}},"line":25},"3":{"name":"(anonymous_3)","decl":{"start":{"line":31,"column":37},"end":{"line":31,"column":38}},"loc":{"start":{"line":31,"column":43},"end":{"line":31,"column":118}},"line":31},"4":{"name":"(anonymous_4)","decl":{"start":{"line":37,"column":37},"end":{"line":37,"column":38}},"loc":{"start":{"line":37,"column":43},"end":{"line":37,"column":94}},"line":37},"5":{"name":"(anonymous_5)","decl":{"start":{"line":52,"column":29},"end":{"line":52,"column":30}},"loc":{"start":{"line":52,"column":33},"end":{"line":52,"column":89}},"line":52}},"branchMap":{},"s":{"0":1,"1":2,"2":0,"3":0,"4":0,"5":1,"6":0,"7":1},"f":{"0":2,"1":0,"2":0,"3":0,"4":1,"5":0},"b":{},"_coverageSchema":"1a1c01bbd47fc00a2c39e90264f33305004495a9","hash":"3c556686758b163ac604945e9489478dad0c0da3"}
}
