TN:
SF:assets\cropped-logo_new-1.png
FNF:0
FNH:0
DA:1,1
LF:1
LH:1
BRF:0
BRH:0
end_of_record
TN:
SF:components\KeyboardAvoidWrap.js
FN:6,(anonymous_0)
FNF:1
FNH:1
FNDA:16,(anonymous_0)
DA:6,1
DA:7,16
LF:2
LH:2
BRF:0
BRH:0
end_of_record
TN:
SF:components\SignUpLoginStyles.js
FN:89,(anonymous_0)
FN:99,(anonymous_1)
FNF:2
FNH:2
FNDA:42,(anonymous_0)
FNDA:42,(anonymous_1)
DA:5,1
DA:7,1
DA:17,1
DA:19,1
DA:28,1
DA:34,1
DA:39,1
DA:46,1
DA:50,1
DA:63,1
DA:67,1
DA:73,1
DA:80,1
DA:89,42
DA:95,1
DA:99,42
DA:104,1
DA:110,1
DA:117,1
DA:124,1
DA:131,1
DA:136,1
LF:22
LH:22
BRDA:89,0,0,42
BRDA:89,0,1,33
BRDA:99,1,0,42
BRDA:99,1,1,33
BRF:4
BRH:4
end_of_record
TN:
SF:screens\Login.js
FN:37,(anonymous_0)
FN:42,(anonymous_1)
FN:58,(anonymous_2)
FN:67,(anonymous_3)
FN:74,(anonymous_4)
FN:80,(anonymous_5)
FN:120,(anonymous_6)
FN:126,(anonymous_7)
FN:139,(anonymous_8)
FN:155,(anonymous_9)
FNF:10
FNH:5
FNDA:19,(anonymous_0)
FNDA:7,(anonymous_1)
FNDA:5,(anonymous_2)
FNDA:0,(anonymous_3)
FNDA:0,(anonymous_4)
FNDA:44,(anonymous_5)
FNDA:0,(anonymous_6)
FNDA:0,(anonymous_7)
FNDA:66,(anonymous_8)
FNDA:0,(anonymous_9)
DA:32,1
DA:37,1
DA:38,19
DA:39,19
DA:40,19
DA:42,19
DA:43,7
DA:44,7
DA:46,19
DA:59,5
DA:60,5
DA:61,2
DA:62,2
DA:64,3
DA:68,0
DA:69,0
DA:70,0
DA:72,0
DA:75,0
DA:76,0
DA:81,44
DA:120,0
DA:126,0
DA:139,1
DA:147,66
DA:155,0
LF:26
LH:17
BRDA:60,0,0,2
BRDA:60,0,1,3
BRDA:60,1,0,5
BRDA:60,1,1,3
BRDA:68,2,0,0
BRDA:68,2,1,0
BRDA:107,3,0,44
BRDA:107,3,1,9
BRDA:154,4,0,66
BRDA:154,4,1,33
BRDA:157,5,0,33
BRDA:157,5,1,0
BRF:12
BRH:9
end_of_record
