TN:
SF:assets\cropped-logo_new-1.png
FNF:0
FNH:0
DA:1,1
LF:1
LH:1
BRF:0
BRH:0
end_of_record
TN:
SF:components\KeyboardAvoidWrap.js
FN:6,(anonymous_0)
FNF:1
FNH:1
FNDA:16,(anonymous_0)
DA:6,1
DA:7,16
LF:2
LH:2
BRF:0
BRH:0
end_of_record
TN:
SF:components\SignUpLoginStyles.js
FN:89,(anonymous_0)
FN:99,(anonymous_1)
FNF:2
FNH:2
FNDA:82,(anonymous_0)
FNDA:64,(anonymous_1)
DA:5,1
DA:7,1
DA:17,1
DA:19,1
DA:28,1
DA:34,1
DA:39,1
DA:46,1
DA:50,1
DA:63,1
DA:67,1
DA:73,1
DA:80,1
DA:89,82
DA:95,1
DA:99,64
DA:104,1
DA:110,1
DA:117,1
DA:124,1
DA:131,1
DA:136,1
LF:22
LH:22
BRDA:89,0,0,82
BRDA:89,0,1,41
BRDA:99,1,0,64
BRDA:99,1,1,41
BRF:4
BRH:4
end_of_record
TN:
SF:screens\Login.js
FN:37,(anonymous_0)
FN:54,(anonymous_1)
FN:81,(anonymous_2)
FN:127,(anonymous_3)
FN:133,(anonymous_4)
FN:146,(anonymous_5)
FN:162,(anonymous_6)
FNF:7
FNH:5
FNDA:16,(anonymous_0)
FNDA:5,(anonymous_1)
FNDA:52,(anonymous_2)
FNDA:1,(anonymous_3)
FNDA:0,(anonymous_4)
FNDA:82,(anonymous_5)
FNDA:0,(anonymous_6)
DA:32,1
DA:37,1
DA:38,16
DA:39,16
DA:40,16
DA:42,16
DA:55,5
DA:56,2
DA:57,2
DA:59,3
DA:60,3
DA:61,3
DA:65,3
DA:66,0
DA:67,0
DA:70,3
DA:71,3
DA:72,3
DA:75,0
DA:76,0
DA:77,0
DA:82,52
DA:127,1
DA:133,0
DA:146,1
DA:154,82
DA:162,0
LF:27
LH:20
BRDA:55,0,0,2
BRDA:55,0,1,3
BRDA:55,1,0,5
BRDA:55,1,1,3
BRDA:65,2,0,0
BRDA:65,2,1,3
BRDA:108,3,0,52
BRDA:108,3,1,23
BRDA:114,4,0,52
BRDA:114,4,1,29
BRDA:161,5,0,82
BRDA:161,5,1,41
BRDA:164,6,0,41
BRDA:164,6,1,0
BRF:14
BRH:12
end_of_record
